{"/home/edf/Documents/GitSynced/Hackaton/frontend/postcss.config.js": {"path":"/home/edf/Documents/GitSynced/Hackaton/frontend/postcss.config.js","all":true,"statementMap":{"0":{"start":{"line":1,"column":0},"end":{"line":1,"column":16}},"1":{"start":{"line":2,"column":0},"end":{"line":2,"column":12}},"2":{"start":{"line":3,"column":0},"end":{"line":3,"column":20}},"3":{"start":{"line":4,"column":0},"end":{"line":4,"column":21}},"4":{"start":{"line":5,"column":0},"end":{"line":5,"column":4}},"5":{"start":{"line":6,"column":0},"end":{"line":6,"column":1}}},"s":{"0":0,"1":0,"2":0,"3":0,"4":0,"5":0},"branchMap":{"0":{"type":"branch","line":1,"loc":{"start":{"line":1,"column":0},"end":{"line":6,"column":-11}},"locations":[{"start":{"line":1,"column":0},"end":{"line":6,"column":-11}}]}},"b":{"0":[0]},"fnMap":{"0":{"name":"(empty-report)","decl":{"start":{"line":1,"column":0},"end":{"line":6,"column":-11}},"loc":{"start":{"line":1,"column":0},"end":{"line":6,"column":-11}},"line":1}},"f":{"0":0}}
,"/home/edf/Documents/GitSynced/Hackaton/frontend/tailwind.config.js": {"path":"/home/edf/Documents/GitSynced/Hackaton/frontend/tailwind.config.js","all":true,"statementMap":{"0":{"start":{"line":1,"column":0},"end":{"line":1,"column":43}},"1":{"start":{"line":2,"column":0},"end":{"line":2,"column":16}},"2":{"start":{"line":3,"column":0},"end":{"line":3,"column":20}},"3":{"start":{"line":4,"column":0},"end":{"line":4,"column":51}},"4":{"start":{"line":5,"column":0},"end":{"line":5,"column":10}},"5":{"start":{"line":6,"column":0},"end":{"line":6,"column":15}},"6":{"start":{"line":7,"column":0},"end":{"line":7,"column":4}},"7":{"start":{"line":8,"column":0},"end":{"line":8,"column":14}},"8":{"start":{"line":9,"column":0},"end":{"line":9,"column":1}}},"s":{"0":0,"1":0,"2":0,"3":0,"4":0,"5":0,"6":0,"7":0,"8":0},"branchMap":{"0":{"type":"branch","line":1,"loc":{"start":{"line":1,"column":0},"end":{"line":9,"column":-13}},"locations":[{"start":{"line":1,"column":0},"end":{"line":9,"column":-13}}]}},"b":{"0":[0]},"fnMap":{"0":{"name":"(empty-report)","decl":{"start":{"line":1,"column":0},"end":{"line":9,"column":-13}},"loc":{"start":{"line":1,"column":0},"end":{"line":9,"column":-13}},"line":1}},"f":{"0":0}}
,"/home/edf/Documents/GitSynced/Hackaton/frontend/src/App.jsx": {"path":"/home/edf/Documents/GitSynced/Hackaton/frontend/src/App.jsx","all":false,"statementMap":{"0":{"start":{"line":1,"column":0},"end":{"line":1,"column":60}},"30":{"start":{"line":31,"column":0},"end":{"line":31,"column":76}},"31":{"start":{"line":32,"column":0},"end":{"line":32,"column":61}},"32":{"start":{"line":33,"column":0},"end":{"line":33,"column":43}},"33":{"start":{"line":34,"column":0},"end":{"line":34,"column":41}},"34":{"start":{"line":35,"column":0},"end":{"line":35,"column":51}},"35":{"start":{"line":36,"column":0},"end":{"line":36,"column":47}},"36":{"start":{"line":37,"column":0},"end":{"line":37,"column":45}},"37":{"start":{"line":38,"column":0},"end":{"line":38,"column":27}},"38":{"start":{"line":39,"column":0},"end":{"line":39,"column":3}},"39":{"start":{"line":40,"column":0},"end":{"line":40,"column":18}},"40":{"start":{"line":41,"column":0},"end":{"line":41,"column":21}},"41":{"start":{"line":42,"column":0},"end":{"line":42,"column":66}},"42":{"start":{"line":43,"column":0},"end":{"line":43,"column":4}},"43":{"start":{"line":44,"column":0},"end":{"line":44,"column":3}},"44":{"start":{"line":45,"column":0},"end":{"line":45,"column":16}},"45":{"start":{"line":46,"column":0},"end":{"line":46,"column":34}},"46":{"start":{"line":47,"column":0},"end":{"line":47,"column":87}},"47":{"start":{"line":48,"column":0},"end":{"line":48,"column":4}},"48":{"start":{"line":49,"column":0},"end":{"line":49,"column":3}},"49":{"start":{"line":50,"column":0},"end":{"line":50,"column":20}},"50":{"start":{"line":51,"column":0},"end":{"line":51,"column":32}},"51":{"start":{"line":52,"column":0},"end":{"line":52,"column":81}},"52":{"start":{"line":53,"column":0},"end":{"line":53,"column":4}},"53":{"start":{"line":54,"column":0},"end":{"line":54,"column":3}},"54":{"start":{"line":55,"column":0},"end":{"line":55,"column":24}},"55":{"start":{"line":56,"column":0},"end":{"line":56,"column":33}},"56":{"start":{"line":57,"column":0},"end":{"line":57,"column":80}},"57":{"start":{"line":58,"column":0},"end":{"line":58,"column":4}},"58":{"start":{"line":59,"column":0},"end":{"line":59,"column":3}},"59":{"start":{"line":60,"column":0},"end":{"line":60,"column":21}},"60":{"start":{"line":61,"column":0},"end":{"line":61,"column":36}},"61":{"start":{"line":62,"column":0},"end":{"line":62,"column":84}},"62":{"start":{"line":63,"column":0},"end":{"line":63,"column":4}},"63":{"start":{"line":64,"column":0},"end":{"line":64,"column":1}},"65":{"start":{"line":66,"column":0},"end":{"line":66,"column":42}},"66":{"start":{"line":67,"column":0},"end":{"line":67,"column":38}},"67":{"start":{"line":68,"column":0},"end":{"line":68,"column":57}},"68":{"start":{"line":69,"column":0},"end":{"line":69,"column":3}},"70":{"start":{"line":71,"column":0},"end":{"line":71,"column":7}},"71":{"start":{"line":72,"column":0},"end":{"line":72,"column":73}},"72":{"start":{"line":73,"column":0},"end":{"line":73,"column":15}},"73":{"start":{"line":74,"column":0},"end":{"line":74,"column":59}},"74":{"start":{"line":75,"column":0},"end":{"line":75,"column":5}},"76":{"start":{"line":77,"column":0},"end":{"line":77,"column":34}},"77":{"start":{"line":78,"column":0},"end":{"line":78,"column":67}},"78":{"start":{"line":79,"column":0},"end":{"line":79,"column":68}},"79":{"start":{"line":80,"column":0},"end":{"line":80,"column":103}},"81":{"start":{"line":82,"column":0},"end":{"line":82,"column":38}},"82":{"start":{"line":83,"column":0},"end":{"line":83,"column":11}},"83":{"start":{"line":84,"column":0},"end":{"line":84,"column":57}},"84":{"start":{"line":85,"column":0},"end":{"line":85,"column":3}},"85":{"start":{"line":86,"column":0},"end":{"line":86,"column":1}},"87":{"start":{"line":88,"column":0},"end":{"line":88,"column":44}},"88":{"start":{"line":89,"column":0},"end":{"line":89,"column":60}},"89":{"start":{"line":90,"column":0},"end":{"line":90,"column":19}},"90":{"start":{"line":91,"column":0},"end":{"line":91,"column":52}},"91":{"start":{"line":92,"column":0},"end":{"line":92,"column":31}},"92":{"start":{"line":93,"column":0},"end":{"line":93,"column":4}},"94":{"start":{"line":95,"column":0},"end":{"line":95,"column":21}},"95":{"start":{"line":96,"column":0},"end":{"line":96,"column":40}},"96":{"start":{"line":97,"column":0},"end":{"line":97,"column":78}},"97":{"start":{"line":98,"column":0},"end":{"line":98,"column":3}},"99":{"start":{"line":100,"column":0},"end":{"line":100,"column":24}},"100":{"start":{"line":101,"column":0},"end":{"line":101,"column":1}},"102":{"start":{"line":103,"column":0},"end":{"line":103,"column":98}},"103":{"start":{"line":104,"column":0},"end":{"line":104,"column":20}},"104":{"start":{"line":105,"column":0},"end":{"line":105,"column":20}},"105":{"start":{"line":106,"column":0},"end":{"line":106,"column":48}},"106":{"start":{"line":107,"column":0},"end":{"line":107,"column":3}},"107":{"start":{"line":108,"column":0},"end":{"line":108,"column":14}},"108":{"start":{"line":109,"column":0},"end":{"line":109,"column":45}},"109":{"start":{"line":110,"column":0},"end":{"line":110,"column":3}},"111":{"start":{"line":112,"column":0},"end":{"line":112,"column":60}},"112":{"start":{"line":113,"column":0},"end":{"line":113,"column":11}},"113":{"start":{"line":114,"column":0},"end":{"line":114,"column":12}},"114":{"start":{"line":115,"column":0},"end":{"line":115,"column":14}},"115":{"start":{"line":116,"column":0},"end":{"line":116,"column":18}},"116":{"start":{"line":117,"column":0},"end":{"line":117,"column":14}},"117":{"start":{"line":118,"column":0},"end":{"line":118,"column":30}},"118":{"start":{"line":119,"column":0},"end":{"line":119,"column":18}},"119":{"start":{"line":120,"column":0},"end":{"line":120,"column":4}},"121":{"start":{"line":122,"column":0},"end":{"line":122,"column":21}},"122":{"start":{"line":123,"column":0},"end":{"line":123,"column":40}},"123":{"start":{"line":124,"column":0},"end":{"line":124,"column":78}},"124":{"start":{"line":125,"column":0},"end":{"line":125,"column":3}},"126":{"start":{"line":127,"column":0},"end":{"line":127,"column":32}},"127":{"start":{"line":128,"column":0},"end":{"line":128,"column":15}},"128":{"start":{"line":129,"column":0},"end":{"line":129,"column":3}},"129":{"start":{"line":130,"column":0},"end":{"line":130,"column":24}},"130":{"start":{"line":131,"column":0},"end":{"line":131,"column":1}},"132":{"start":{"line":133,"column":0},"end":{"line":133,"column":55}},"133":{"start":{"line":134,"column":0},"end":{"line":134,"column":17}},"134":{"start":{"line":135,"column":0},"end":{"line":135,"column":23}},"135":{"start":{"line":136,"column":0},"end":{"line":136,"column":20}},"136":{"start":{"line":137,"column":0},"end":{"line":137,"column":19}},"137":{"start":{"line":138,"column":0},"end":{"line":138,"column":13}},"138":{"start":{"line":139,"column":0},"end":{"line":139,"column":15}},"139":{"start":{"line":140,"column":0},"end":{"line":140,"column":20}},"140":{"start":{"line":141,"column":0},"end":{"line":141,"column":24}},"141":{"start":{"line":142,"column":0},"end":{"line":142,"column":24}},"142":{"start":{"line":143,"column":0},"end":{"line":143,"column":19}},"143":{"start":{"line":144,"column":0},"end":{"line":144,"column":24}},"144":{"start":{"line":145,"column":0},"end":{"line":145,"column":19}},"145":{"start":{"line":146,"column":0},"end":{"line":146,"column":18}},"146":{"start":{"line":147,"column":0},"end":{"line":147,"column":26}},"147":{"start":{"line":148,"column":0},"end":{"line":148,"column":17}},"148":{"start":{"line":149,"column":0},"end":{"line":149,"column":15}},"149":{"start":{"line":150,"column":0},"end":{"line":150,"column":13}},"150":{"start":{"line":151,"column":0},"end":{"line":151,"column":25}},"151":{"start":{"line":152,"column":0},"end":{"line":152,"column":13}},"152":{"start":{"line":153,"column":0},"end":{"line":153,"column":19}},"153":{"start":{"line":154,"column":0},"end":{"line":154,"column":15}},"154":{"start":{"line":155,"column":0},"end":{"line":155,"column":23}},"155":{"start":{"line":156,"column":0},"end":{"line":156,"column":3}},"156":{"start":{"line":157,"column":0},"end":{"line":157,"column":35}},"157":{"start":{"line":158,"column":0},"end":{"line":158,"column":33}},"159":{"start":{"line":160,"column":0},"end":{"line":160,"column":85}},"160":{"start":{"line":161,"column":0},"end":{"line":161,"column":1}},"162":{"start":{"line":163,"column":0},"end":{"line":163,"column":16}},"163":{"start":{"line":164,"column":0},"end":{"line":164,"column":78}},"165":{"start":{"line":166,"column":0},"end":{"line":166,"column":66}},"166":{"start":{"line":167,"column":0},"end":{"line":167,"column":45}},"167":{"start":{"line":168,"column":0},"end":{"line":168,"column":66}},"168":{"start":{"line":169,"column":0},"end":{"line":169,"column":87}},"169":{"start":{"line":170,"column":0},"end":{"line":170,"column":45}},"170":{"start":{"line":171,"column":0},"end":{"line":171,"column":46}},"171":{"start":{"line":172,"column":0},"end":{"line":172,"column":47}},"172":{"start":{"line":173,"column":0},"end":{"line":173,"column":40}},"173":{"start":{"line":174,"column":0},"end":{"line":174,"column":106}},"174":{"start":{"line":175,"column":0},"end":{"line":175,"column":50}},"175":{"start":{"line":176,"column":0},"end":{"line":176,"column":9}},"176":{"start":{"line":177,"column":0},"end":{"line":177,"column":65}},"177":{"start":{"line":178,"column":0},"end":{"line":178,"column":41}},"178":{"start":{"line":179,"column":0},"end":{"line":179,"column":13}},"179":{"start":{"line":180,"column":0},"end":{"line":180,"column":17}},"180":{"start":{"line":181,"column":0},"end":{"line":181,"column":5}},"181":{"start":{"line":182,"column":0},"end":{"line":182,"column":4}},"182":{"start":{"line":183,"column":0},"end":{"line":183,"column":51}},"183":{"start":{"line":184,"column":0},"end":{"line":184,"column":48}},"184":{"start":{"line":185,"column":0},"end":{"line":185,"column":54}},"185":{"start":{"line":186,"column":0},"end":{"line":186,"column":60}},"186":{"start":{"line":187,"column":0},"end":{"line":187,"column":55}},"187":{"start":{"line":188,"column":0},"end":{"line":188,"column":65}},"188":{"start":{"line":189,"column":0},"end":{"line":189,"column":58}},"189":{"start":{"line":190,"column":0},"end":{"line":190,"column":66}},"190":{"start":{"line":191,"column":0},"end":{"line":191,"column":60}},"191":{"start":{"line":192,"column":0},"end":{"line":192,"column":54}},"192":{"start":{"line":193,"column":0},"end":{"line":193,"column":58}},"193":{"start":{"line":194,"column":0},"end":{"line":194,"column":61}},"194":{"start":{"line":195,"column":0},"end":{"line":195,"column":59}},"195":{"start":{"line":196,"column":0},"end":{"line":196,"column":68}},"197":{"start":{"line":198,"column":0},"end":{"line":198,"column":42}},"198":{"start":{"line":199,"column":0},"end":{"line":199,"column":23}},"199":{"start":{"line":200,"column":0},"end":{"line":200,"column":31}},"200":{"start":{"line":201,"column":0},"end":{"line":201,"column":19}},"201":{"start":{"line":202,"column":0},"end":{"line":202,"column":21}},"202":{"start":{"line":203,"column":0},"end":{"line":203,"column":4}},"203":{"start":{"line":204,"column":0},"end":{"line":204,"column":40}},"204":{"start":{"line":205,"column":0},"end":{"line":205,"column":56}},"205":{"start":{"line":206,"column":0},"end":{"line":206,"column":40}},"206":{"start":{"line":207,"column":0},"end":{"line":207,"column":103}},"207":{"start":{"line":208,"column":0},"end":{"line":208,"column":56}},"208":{"start":{"line":209,"column":0},"end":{"line":209,"column":50}},"209":{"start":{"line":210,"column":0},"end":{"line":210,"column":59}},"210":{"start":{"line":211,"column":0},"end":{"line":211,"column":70}},"211":{"start":{"line":212,"column":0},"end":{"line":212,"column":64}},"212":{"start":{"line":213,"column":0},"end":{"line":213,"column":61}},"213":{"start":{"line":214,"column":0},"end":{"line":214,"column":63}},"214":{"start":{"line":215,"column":0},"end":{"line":215,"column":64}},"215":{"start":{"line":216,"column":0},"end":{"line":216,"column":86}},"216":{"start":{"line":217,"column":0},"end":{"line":217,"column":61}},"217":{"start":{"line":218,"column":0},"end":{"line":218,"column":71}},"218":{"start":{"line":219,"column":0},"end":{"line":219,"column":73}},"219":{"start":{"line":220,"column":0},"end":{"line":220,"column":62}},"220":{"start":{"line":221,"column":0},"end":{"line":221,"column":75}},"221":{"start":{"line":222,"column":0},"end":{"line":222,"column":67}},"223":{"start":{"line":224,"column":0},"end":{"line":224,"column":28}},"224":{"start":{"line":225,"column":0},"end":{"line":225,"column":37}},"225":{"start":{"line":226,"column":0},"end":{"line":226,"column":46}},"226":{"start":{"line":227,"column":0},"end":{"line":227,"column":36}},"227":{"start":{"line":228,"column":0},"end":{"line":228,"column":37}},"228":{"start":{"line":229,"column":0},"end":{"line":229,"column":40}},"229":{"start":{"line":230,"column":0},"end":{"line":230,"column":58}},"230":{"start":{"line":231,"column":0},"end":{"line":231,"column":52}},"231":{"start":{"line":232,"column":0},"end":{"line":232,"column":46}},"233":{"start":{"line":234,"column":0},"end":{"line":234,"column":38}},"234":{"start":{"line":235,"column":0},"end":{"line":235,"column":57}},"235":{"start":{"line":236,"column":0},"end":{"line":236,"column":94}},"236":{"start":{"line":237,"column":0},"end":{"line":237,"column":82}},"237":{"start":{"line":238,"column":0},"end":{"line":238,"column":33}},"238":{"start":{"line":239,"column":0},"end":{"line":239,"column":34}},"239":{"start":{"line":240,"column":0},"end":{"line":240,"column":91}},"241":{"start":{"line":242,"column":0},"end":{"line":242,"column":45}},"242":{"start":{"line":243,"column":0},"end":{"line":243,"column":48}},"243":{"start":{"line":244,"column":0},"end":{"line":244,"column":25}},"244":{"start":{"line":245,"column":0},"end":{"line":245,"column":22}},"246":{"start":{"line":247,"column":0},"end":{"line":247,"column":19}},"247":{"start":{"line":248,"column":0},"end":{"line":248,"column":18}},"248":{"start":{"line":249,"column":0},"end":{"line":249,"column":28}},"249":{"start":{"line":250,"column":0},"end":{"line":250,"column":61}},"250":{"start":{"line":251,"column":0},"end":{"line":251,"column":18}},"251":{"start":{"line":252,"column":0},"end":{"line":252,"column":7}},"252":{"start":{"line":253,"column":0},"end":{"line":253,"column":40}},"253":{"start":{"line":254,"column":0},"end":{"line":254,"column":74}},"254":{"start":{"line":255,"column":0},"end":{"line":255,"column":5}},"255":{"start":{"line":256,"column":0},"end":{"line":256,"column":8}},"257":{"start":{"line":258,"column":0},"end":{"line":258,"column":19}},"258":{"start":{"line":259,"column":0},"end":{"line":259,"column":30}},"259":{"start":{"line":260,"column":0},"end":{"line":260,"column":12}},"260":{"start":{"line":261,"column":0},"end":{"line":261,"column":5}},"262":{"start":{"line":263,"column":0},"end":{"line":263,"column":48}},"263":{"start":{"line":264,"column":0},"end":{"line":264,"column":42}},"264":{"start":{"line":265,"column":0},"end":{"line":265,"column":25}},"266":{"start":{"line":267,"column":0},"end":{"line":267,"column":19}},"267":{"start":{"line":268,"column":0},"end":{"line":268,"column":66}},"268":{"start":{"line":269,"column":0},"end":{"line":269,"column":66}},"269":{"start":{"line":270,"column":0},"end":{"line":270,"column":30}},"270":{"start":{"line":271,"column":0},"end":{"line":271,"column":5}},"271":{"start":{"line":272,"column":0},"end":{"line":272,"column":8}},"273":{"start":{"line":274,"column":0},"end":{"line":274,"column":19}},"274":{"start":{"line":275,"column":0},"end":{"line":275,"column":18}},"275":{"start":{"line":276,"column":0},"end":{"line":276,"column":31}},"277":{"start":{"line":278,"column":0},"end":{"line":278,"column":69}},"278":{"start":{"line":279,"column":0},"end":{"line":279,"column":49}},"279":{"start":{"line":280,"column":0},"end":{"line":280,"column":7}},"281":{"start":{"line":282,"column":0},"end":{"line":282,"column":33}},"282":{"start":{"line":283,"column":0},"end":{"line":283,"column":5}},"283":{"start":{"line":284,"column":0},"end":{"line":284,"column":14}},"285":{"start":{"line":286,"column":0},"end":{"line":286,"column":19}},"286":{"start":{"line":287,"column":0},"end":{"line":287,"column":39}},"287":{"start":{"line":288,"column":0},"end":{"line":288,"column":58}},"288":{"start":{"line":289,"column":0},"end":{"line":289,"column":75}},"289":{"start":{"line":290,"column":0},"end":{"line":290,"column":5}},"291":{"start":{"line":292,"column":0},"end":{"line":292,"column":70}},"292":{"start":{"line":293,"column":0},"end":{"line":293,"column":86}},"293":{"start":{"line":294,"column":0},"end":{"line":294,"column":8}},"295":{"start":{"line":296,"column":0},"end":{"line":296,"column":19}},"296":{"start":{"line":297,"column":0},"end":{"line":297,"column":33}},"298":{"start":{"line":299,"column":0},"end":{"line":299,"column":44}},"299":{"start":{"line":300,"column":0},"end":{"line":300,"column":27}},"300":{"start":{"line":301,"column":0},"end":{"line":301,"column":12}},"302":{"start":{"line":303,"column":0},"end":{"line":303,"column":44}},"303":{"start":{"line":304,"column":0},"end":{"line":304,"column":14}},"305":{"start":{"line":306,"column":0},"end":{"line":306,"column":19}},"306":{"start":{"line":307,"column":0},"end":{"line":307,"column":45}},"308":{"start":{"line":309,"column":0},"end":{"line":309,"column":62}},"309":{"start":{"line":310,"column":0},"end":{"line":310,"column":71}},"310":{"start":{"line":311,"column":0},"end":{"line":311,"column":28}},"312":{"start":{"line":313,"column":0},"end":{"line":313,"column":31}},"313":{"start":{"line":314,"column":0},"end":{"line":314,"column":60}},"314":{"start":{"line":315,"column":0},"end":{"line":315,"column":8}},"316":{"start":{"line":317,"column":0},"end":{"line":317,"column":19}},"317":{"start":{"line":318,"column":0},"end":{"line":318,"column":45}},"319":{"start":{"line":320,"column":0},"end":{"line":320,"column":25}},"320":{"start":{"line":321,"column":0},"end":{"line":321,"column":11}},"321":{"start":{"line":322,"column":0},"end":{"line":322,"column":11}},"322":{"start":{"line":323,"column":0},"end":{"line":323,"column":45}},"323":{"start":{"line":324,"column":0},"end":{"line":324,"column":5}},"324":{"start":{"line":325,"column":0},"end":{"line":325,"column":90}},"325":{"start":{"line":326,"column":0},"end":{"line":326,"column":31}},"327":{"start":{"line":328,"column":0},"end":{"line":328,"column":19}},"328":{"start":{"line":329,"column":0},"end":{"line":329,"column":45}},"330":{"start":{"line":331,"column":0},"end":{"line":331,"column":45}},"331":{"start":{"line":332,"column":0},"end":{"line":332,"column":25}},"332":{"start":{"line":333,"column":0},"end":{"line":333,"column":50}},"333":{"start":{"line":334,"column":0},"end":{"line":334,"column":12}},"334":{"start":{"line":335,"column":0},"end":{"line":335,"column":37}},"335":{"start":{"line":336,"column":0},"end":{"line":336,"column":5}},"336":{"start":{"line":337,"column":0},"end":{"line":337,"column":44}},"337":{"start":{"line":338,"column":0},"end":{"line":338,"column":22}},"339":{"start":{"line":340,"column":0},"end":{"line":340,"column":19}},"340":{"start":{"line":341,"column":0},"end":{"line":341,"column":71}},"341":{"start":{"line":342,"column":0},"end":{"line":342,"column":50}},"342":{"start":{"line":343,"column":0},"end":{"line":343,"column":13}},"344":{"start":{"line":345,"column":0},"end":{"line":345,"column":19}},"345":{"start":{"line":346,"column":0},"end":{"line":346,"column":45}},"347":{"start":{"line":348,"column":0},"end":{"line":348,"column":20}},"348":{"start":{"line":349,"column":0},"end":{"line":349,"column":65}},"349":{"start":{"line":350,"column":0},"end":{"line":350,"column":12}},"350":{"start":{"line":351,"column":0},"end":{"line":351,"column":57}},"351":{"start":{"line":352,"column":0},"end":{"line":352,"column":5}},"353":{"start":{"line":354,"column":0},"end":{"line":354,"column":19}},"354":{"start":{"line":355,"column":0},"end":{"line":355,"column":79}},"355":{"start":{"line":356,"column":0},"end":{"line":356,"column":12}},"356":{"start":{"line":357,"column":0},"end":{"line":357,"column":56}},"357":{"start":{"line":358,"column":0},"end":{"line":358,"column":5}},"358":{"start":{"line":359,"column":0},"end":{"line":359,"column":27}},"360":{"start":{"line":361,"column":0},"end":{"line":361,"column":19}},"361":{"start":{"line":362,"column":0},"end":{"line":362,"column":37}},"363":{"start":{"line":364,"column":0},"end":{"line":364,"column":38}},"364":{"start":{"line":365,"column":0},"end":{"line":365,"column":8}},"365":{"start":{"line":366,"column":0},"end":{"line":366,"column":93}},"366":{"start":{"line":367,"column":0},"end":{"line":367,"column":5}},"368":{"start":{"line":369,"column":0},"end":{"line":369,"column":8}},"369":{"start":{"line":370,"column":0},"end":{"line":370,"column":46}},"370":{"start":{"line":371,"column":0},"end":{"line":371,"column":66}},"371":{"start":{"line":372,"column":0},"end":{"line":372,"column":7}},"372":{"start":{"line":373,"column":0},"end":{"line":373,"column":20}},"373":{"start":{"line":374,"column":0},"end":{"line":374,"column":40}},"374":{"start":{"line":375,"column":0},"end":{"line":375,"column":95}},"375":{"start":{"line":376,"column":0},"end":{"line":376,"column":33}},"376":{"start":{"line":377,"column":0},"end":{"line":377,"column":7}},"377":{"start":{"line":378,"column":0},"end":{"line":378,"column":51}},"378":{"start":{"line":379,"column":0},"end":{"line":379,"column":5}},"380":{"start":{"line":381,"column":0},"end":{"line":381,"column":67}},"381":{"start":{"line":382,"column":0},"end":{"line":382,"column":50}},"382":{"start":{"line":383,"column":0},"end":{"line":383,"column":5}},"383":{"start":{"line":384,"column":0},"end":{"line":384,"column":83}},"385":{"start":{"line":386,"column":0},"end":{"line":386,"column":64}},"386":{"start":{"line":387,"column":0},"end":{"line":387,"column":45}},"387":{"start":{"line":388,"column":0},"end":{"line":388,"column":38}},"388":{"start":{"line":389,"column":0},"end":{"line":389,"column":101}},"389":{"start":{"line":390,"column":0},"end":{"line":390,"column":53}},"390":{"start":{"line":391,"column":0},"end":{"line":391,"column":58}},"392":{"start":{"line":393,"column":0},"end":{"line":393,"column":53}},"393":{"start":{"line":394,"column":0},"end":{"line":394,"column":9}},"394":{"start":{"line":395,"column":0},"end":{"line":395,"column":44}},"395":{"start":{"line":396,"column":0},"end":{"line":396,"column":13}},"397":{"start":{"line":398,"column":0},"end":{"line":398,"column":5}},"398":{"start":{"line":399,"column":0},"end":{"line":399,"column":3}},"400":{"start":{"line":401,"column":0},"end":{"line":401,"column":44}},"401":{"start":{"line":402,"column":0},"end":{"line":402,"column":45}},"402":{"start":{"line":403,"column":0},"end":{"line":403,"column":79}},"404":{"start":{"line":405,"column":0},"end":{"line":405,"column":9}},"405":{"start":{"line":406,"column":0},"end":{"line":406,"column":31}},"406":{"start":{"line":407,"column":0},"end":{"line":407,"column":13}},"407":{"start":{"line":408,"column":0},"end":{"line":408,"column":12}},"408":{"start":{"line":409,"column":0},"end":{"line":409,"column":23}},"409":{"start":{"line":410,"column":0},"end":{"line":410,"column":8}},"410":{"start":{"line":411,"column":0},"end":{"line":411,"column":13}},"412":{"start":{"line":413,"column":0},"end":{"line":413,"column":5}},"413":{"start":{"line":414,"column":0},"end":{"line":414,"column":3}},"415":{"start":{"line":416,"column":0},"end":{"line":416,"column":31}},"416":{"start":{"line":417,"column":0},"end":{"line":417,"column":16}},"417":{"start":{"line":418,"column":0},"end":{"line":418,"column":24}},"418":{"start":{"line":419,"column":0},"end":{"line":419,"column":9}},"419":{"start":{"line":420,"column":0},"end":{"line":420,"column":85}},"420":{"start":{"line":421,"column":0},"end":{"line":421,"column":21}},"421":{"start":{"line":422,"column":0},"end":{"line":422,"column":31}},"422":{"start":{"line":423,"column":0},"end":{"line":423,"column":13}},"423":{"start":{"line":424,"column":0},"end":{"line":424,"column":31}},"424":{"start":{"line":425,"column":0},"end":{"line":425,"column":44}},"425":{"start":{"line":426,"column":0},"end":{"line":426,"column":37}},"426":{"start":{"line":427,"column":0},"end":{"line":427,"column":30}},"427":{"start":{"line":428,"column":0},"end":{"line":428,"column":13}},"428":{"start":{"line":429,"column":0},"end":{"line":429,"column":13}},"429":{"start":{"line":430,"column":0},"end":{"line":430,"column":31}},"430":{"start":{"line":431,"column":0},"end":{"line":431,"column":37}},"431":{"start":{"line":432,"column":0},"end":{"line":432,"column":13}},"433":{"start":{"line":434,"column":0},"end":{"line":434,"column":43}},"434":{"start":{"line":435,"column":0},"end":{"line":435,"column":23}},"435":{"start":{"line":436,"column":0},"end":{"line":436,"column":22}},"436":{"start":{"line":437,"column":0},"end":{"line":437,"column":8}},"437":{"start":{"line":438,"column":0},"end":{"line":438,"column":30}},"438":{"start":{"line":439,"column":0},"end":{"line":439,"column":28}},"439":{"start":{"line":440,"column":0},"end":{"line":440,"column":43}},"440":{"start":{"line":441,"column":0},"end":{"line":441,"column":57}},"441":{"start":{"line":442,"column":0},"end":{"line":442,"column":25}},"442":{"start":{"line":443,"column":0},"end":{"line":443,"column":19}},"443":{"start":{"line":444,"column":0},"end":{"line":444,"column":27}},"444":{"start":{"line":445,"column":0},"end":{"line":445,"column":15}},"445":{"start":{"line":446,"column":0},"end":{"line":446,"column":27}},"446":{"start":{"line":447,"column":0},"end":{"line":447,"column":5}},"447":{"start":{"line":448,"column":0},"end":{"line":448,"column":3}},"449":{"start":{"line":450,"column":0},"end":{"line":450,"column":22}},"450":{"start":{"line":451,"column":0},"end":{"line":451,"column":16}},"451":{"start":{"line":452,"column":0},"end":{"line":452,"column":20}},"452":{"start":{"line":453,"column":0},"end":{"line":453,"column":21}},"453":{"start":{"line":454,"column":0},"end":{"line":454,"column":26}},"454":{"start":{"line":455,"column":0},"end":{"line":455,"column":23}},"455":{"start":{"line":456,"column":0},"end":{"line":456,"column":25}},"456":{"start":{"line":457,"column":0},"end":{"line":457,"column":29}},"457":{"start":{"line":458,"column":0},"end":{"line":458,"column":27}},"458":{"start":{"line":459,"column":0},"end":{"line":459,"column":3}},"460":{"start":{"line":461,"column":0},"end":{"line":461,"column":63}},"461":{"start":{"line":462,"column":0},"end":{"line":462,"column":26}},"462":{"start":{"line":463,"column":0},"end":{"line":463,"column":27}},"463":{"start":{"line":464,"column":0},"end":{"line":464,"column":9}},"464":{"start":{"line":465,"column":0},"end":{"line":465,"column":90}},"465":{"start":{"line":466,"column":0},"end":{"line":466,"column":93}},"466":{"start":{"line":467,"column":0},"end":{"line":467,"column":38}},"468":{"start":{"line":469,"column":0},"end":{"line":469,"column":111}},"469":{"start":{"line":470,"column":0},"end":{"line":470,"column":53}},"470":{"start":{"line":471,"column":0},"end":{"line":471,"column":79}},"471":{"start":{"line":472,"column":0},"end":{"line":472,"column":7}},"472":{"start":{"line":473,"column":0},"end":{"line":473,"column":41}},"474":{"start":{"line":475,"column":0},"end":{"line":475,"column":36}},"475":{"start":{"line":476,"column":0},"end":{"line":476,"column":79}},"476":{"start":{"line":477,"column":0},"end":{"line":477,"column":30}},"477":{"start":{"line":478,"column":0},"end":{"line":478,"column":58}},"478":{"start":{"line":479,"column":0},"end":{"line":479,"column":52}},"479":{"start":{"line":480,"column":0},"end":{"line":480,"column":57}},"480":{"start":{"line":481,"column":0},"end":{"line":481,"column":8}},"481":{"start":{"line":482,"column":0},"end":{"line":482,"column":93}},"482":{"start":{"line":483,"column":0},"end":{"line":483,"column":87}},"483":{"start":{"line":484,"column":0},"end":{"line":484,"column":19}},"484":{"start":{"line":485,"column":0},"end":{"line":485,"column":27}},"485":{"start":{"line":486,"column":0},"end":{"line":486,"column":15}},"486":{"start":{"line":487,"column":0},"end":{"line":487,"column":30}},"487":{"start":{"line":488,"column":0},"end":{"line":488,"column":5}},"488":{"start":{"line":489,"column":0},"end":{"line":489,"column":3}},"490":{"start":{"line":491,"column":0},"end":{"line":491,"column":37}},"491":{"start":{"line":492,"column":0},"end":{"line":492,"column":29}},"492":{"start":{"line":493,"column":0},"end":{"line":493,"column":54}},"493":{"start":{"line":494,"column":0},"end":{"line":494,"column":3}},"495":{"start":{"line":496,"column":0},"end":{"line":496,"column":42}},"496":{"start":{"line":497,"column":0},"end":{"line":497,"column":52}},"497":{"start":{"line":498,"column":0},"end":{"line":498,"column":23}},"498":{"start":{"line":499,"column":0},"end":{"line":499,"column":33}},"499":{"start":{"line":500,"column":0},"end":{"line":500,"column":26}},"500":{"start":{"line":501,"column":0},"end":{"line":501,"column":36}},"501":{"start":{"line":502,"column":0},"end":{"line":502,"column":3}},"503":{"start":{"line":504,"column":0},"end":{"line":504,"column":46}},"504":{"start":{"line":505,"column":0},"end":{"line":505,"column":40}},"505":{"start":{"line":506,"column":0},"end":{"line":506,"column":35}},"506":{"start":{"line":507,"column":0},"end":{"line":507,"column":26}},"507":{"start":{"line":508,"column":0},"end":{"line":508,"column":26}},"508":{"start":{"line":509,"column":0},"end":{"line":509,"column":68}},"509":{"start":{"line":510,"column":0},"end":{"line":510,"column":29}},"510":{"start":{"line":511,"column":0},"end":{"line":511,"column":12}},"511":{"start":{"line":512,"column":0},"end":{"line":512,"column":5}},"513":{"start":{"line":514,"column":0},"end":{"line":514,"column":26}},"514":{"start":{"line":515,"column":0},"end":{"line":515,"column":16}},"515":{"start":{"line":516,"column":0},"end":{"line":516,"column":9}},"516":{"start":{"line":517,"column":0},"end":{"line":517,"column":37}},"517":{"start":{"line":518,"column":0},"end":{"line":518,"column":35}},"518":{"start":{"line":519,"column":0},"end":{"line":519,"column":53}},"519":{"start":{"line":520,"column":0},"end":{"line":520,"column":46}},"520":{"start":{"line":521,"column":0},"end":{"line":521,"column":23}},"521":{"start":{"line":522,"column":0},"end":{"line":522,"column":23}},"522":{"start":{"line":523,"column":0},"end":{"line":523,"column":25}},"523":{"start":{"line":524,"column":0},"end":{"line":524,"column":25}},"524":{"start":{"line":525,"column":0},"end":{"line":525,"column":8}},"525":{"start":{"line":526,"column":0},"end":{"line":526,"column":40}},"526":{"start":{"line":527,"column":0},"end":{"line":527,"column":32}},"527":{"start":{"line":528,"column":0},"end":{"line":528,"column":19}},"528":{"start":{"line":529,"column":0},"end":{"line":529,"column":27}},"529":{"start":{"line":530,"column":0},"end":{"line":530,"column":15}},"530":{"start":{"line":531,"column":0},"end":{"line":531,"column":29}},"531":{"start":{"line":532,"column":0},"end":{"line":532,"column":29}},"532":{"start":{"line":533,"column":0},"end":{"line":533,"column":5}},"533":{"start":{"line":534,"column":0},"end":{"line":534,"column":3}},"535":{"start":{"line":536,"column":0},"end":{"line":536,"column":45}},"536":{"start":{"line":537,"column":0},"end":{"line":537,"column":35}},"537":{"start":{"line":538,"column":0},"end":{"line":538,"column":9}},"538":{"start":{"line":539,"column":0},"end":{"line":539,"column":45}},"539":{"start":{"line":540,"column":0},"end":{"line":540,"column":23}},"540":{"start":{"line":541,"column":0},"end":{"line":541,"column":25}},"541":{"start":{"line":542,"column":0},"end":{"line":542,"column":15}},"542":{"start":{"line":543,"column":0},"end":{"line":543,"column":47}},"543":{"start":{"line":544,"column":0},"end":{"line":544,"column":34}},"544":{"start":{"line":545,"column":0},"end":{"line":545,"column":32}},"545":{"start":{"line":546,"column":0},"end":{"line":546,"column":52}},"546":{"start":{"line":547,"column":0},"end":{"line":547,"column":10}},"547":{"start":{"line":548,"column":0},"end":{"line":548,"column":8}},"548":{"start":{"line":549,"column":0},"end":{"line":549,"column":45}},"549":{"start":{"line":550,"column":0},"end":{"line":550,"column":29}},"550":{"start":{"line":551,"column":0},"end":{"line":551,"column":34}},"551":{"start":{"line":552,"column":0},"end":{"line":552,"column":7}},"552":{"start":{"line":553,"column":0},"end":{"line":553,"column":19}},"553":{"start":{"line":554,"column":0},"end":{"line":554,"column":27}},"554":{"start":{"line":555,"column":0},"end":{"line":555,"column":5}},"555":{"start":{"line":556,"column":0},"end":{"line":556,"column":3}},"557":{"start":{"line":558,"column":0},"end":{"line":558,"column":34}},"558":{"start":{"line":559,"column":0},"end":{"line":559,"column":16}},"559":{"start":{"line":560,"column":0},"end":{"line":560,"column":55}},"560":{"start":{"line":561,"column":0},"end":{"line":561,"column":35}},"561":{"start":{"line":562,"column":0},"end":{"line":562,"column":23}},"562":{"start":{"line":563,"column":0},"end":{"line":563,"column":42}},"563":{"start":{"line":564,"column":0},"end":{"line":564,"column":12}},"564":{"start":{"line":565,"column":0},"end":{"line":565,"column":5}},"566":{"start":{"line":567,"column":0},"end":{"line":567,"column":9}},"567":{"start":{"line":568,"column":0},"end":{"line":568,"column":54}},"568":{"start":{"line":569,"column":0},"end":{"line":569,"column":23}},"569":{"start":{"line":570,"column":0},"end":{"line":570,"column":25}},"570":{"start":{"line":571,"column":0},"end":{"line":571,"column":44}},"571":{"start":{"line":572,"column":0},"end":{"line":572,"column":8}},"572":{"start":{"line":573,"column":0},"end":{"line":573,"column":45}},"573":{"start":{"line":574,"column":0},"end":{"line":574,"column":24}},"574":{"start":{"line":575,"column":0},"end":{"line":575,"column":26}},"575":{"start":{"line":576,"column":0},"end":{"line":576,"column":29}},"576":{"start":{"line":577,"column":0},"end":{"line":577,"column":55}},"577":{"start":{"line":578,"column":0},"end":{"line":578,"column":96}},"578":{"start":{"line":579,"column":0},"end":{"line":579,"column":19}},"579":{"start":{"line":580,"column":0},"end":{"line":580,"column":27}},"580":{"start":{"line":581,"column":0},"end":{"line":581,"column":5}},"581":{"start":{"line":582,"column":0},"end":{"line":582,"column":3}},"583":{"start":{"line":584,"column":0},"end":{"line":584,"column":103}},"584":{"start":{"line":585,"column":0},"end":{"line":585,"column":16}},"585":{"start":{"line":586,"column":0},"end":{"line":586,"column":54}},"587":{"start":{"line":588,"column":0},"end":{"line":588,"column":39}},"588":{"start":{"line":589,"column":0},"end":{"line":589,"column":70}},"590":{"start":{"line":591,"column":0},"end":{"line":591,"column":23}},"591":{"start":{"line":592,"column":0},"end":{"line":592,"column":34}},"592":{"start":{"line":593,"column":0},"end":{"line":593,"column":12}},"593":{"start":{"line":594,"column":0},"end":{"line":594,"column":5}},"594":{"start":{"line":595,"column":0},"end":{"line":595,"column":33}},"595":{"start":{"line":596,"column":0},"end":{"line":596,"column":42}},"596":{"start":{"line":597,"column":0},"end":{"line":597,"column":12}},"597":{"start":{"line":598,"column":0},"end":{"line":598,"column":5}},"599":{"start":{"line":600,"column":0},"end":{"line":600,"column":77}},"600":{"start":{"line":601,"column":0},"end":{"line":601,"column":85}},"602":{"start":{"line":603,"column":0},"end":{"line":603,"column":35}},"603":{"start":{"line":604,"column":0},"end":{"line":604,"column":22}},"605":{"start":{"line":606,"column":0},"end":{"line":606,"column":23}},"606":{"start":{"line":607,"column":0},"end":{"line":607,"column":21}},"607":{"start":{"line":608,"column":0},"end":{"line":608,"column":44}},"608":{"start":{"line":609,"column":0},"end":{"line":609,"column":5}},"610":{"start":{"line":611,"column":0},"end":{"line":611,"column":24}},"611":{"start":{"line":612,"column":0},"end":{"line":612,"column":22}},"612":{"start":{"line":613,"column":0},"end":{"line":613,"column":31}},"613":{"start":{"line":614,"column":0},"end":{"line":614,"column":30}},"614":{"start":{"line":615,"column":0},"end":{"line":615,"column":37}},"615":{"start":{"line":616,"column":0},"end":{"line":616,"column":61}},"616":{"start":{"line":617,"column":0},"end":{"line":617,"column":18}},"617":{"start":{"line":618,"column":0},"end":{"line":618,"column":7}},"618":{"start":{"line":619,"column":0},"end":{"line":619,"column":40}},"619":{"start":{"line":620,"column":0},"end":{"line":620,"column":5}},"621":{"start":{"line":622,"column":0},"end":{"line":622,"column":24}},"622":{"start":{"line":623,"column":0},"end":{"line":623,"column":45}},"623":{"start":{"line":624,"column":0},"end":{"line":624,"column":5}},"625":{"start":{"line":626,"column":0},"end":{"line":626,"column":37}},"626":{"start":{"line":627,"column":0},"end":{"line":627,"column":44}},"628":{"start":{"line":629,"column":0},"end":{"line":629,"column":39}},"629":{"start":{"line":630,"column":0},"end":{"line":630,"column":46}},"630":{"start":{"line":631,"column":0},"end":{"line":631,"column":45}},"631":{"start":{"line":632,"column":0},"end":{"line":632,"column":45}},"632":{"start":{"line":633,"column":0},"end":{"line":633,"column":19}},"633":{"start":{"line":634,"column":0},"end":{"line":634,"column":38}},"634":{"start":{"line":635,"column":0},"end":{"line":635,"column":31}},"635":{"start":{"line":636,"column":0},"end":{"line":636,"column":39}},"636":{"start":{"line":637,"column":0},"end":{"line":637,"column":27}},"637":{"start":{"line":638,"column":0},"end":{"line":638,"column":29}},"638":{"start":{"line":639,"column":0},"end":{"line":639,"column":12}},"639":{"start":{"line":640,"column":0},"end":{"line":640,"column":9}},"640":{"start":{"line":641,"column":0},"end":{"line":641,"column":21}},"641":{"start":{"line":642,"column":0},"end":{"line":642,"column":98}},"642":{"start":{"line":643,"column":0},"end":{"line":643,"column":9}},"643":{"start":{"line":644,"column":0},"end":{"line":644,"column":49}},"644":{"start":{"line":645,"column":0},"end":{"line":645,"column":61}},"645":{"start":{"line":646,"column":0},"end":{"line":646,"column":16}},"646":{"start":{"line":647,"column":0},"end":{"line":647,"column":31}},"647":{"start":{"line":648,"column":0},"end":{"line":648,"column":9}},"648":{"start":{"line":649,"column":0},"end":{"line":649,"column":7}},"650":{"start":{"line":651,"column":0},"end":{"line":651,"column":45}},"651":{"start":{"line":652,"column":0},"end":{"line":652,"column":47}},"652":{"start":{"line":653,"column":0},"end":{"line":653,"column":39}},"653":{"start":{"line":654,"column":0},"end":{"line":654,"column":39}},"654":{"start":{"line":655,"column":0},"end":{"line":655,"column":19}},"655":{"start":{"line":656,"column":0},"end":{"line":656,"column":32}},"656":{"start":{"line":657,"column":0},"end":{"line":657,"column":31}},"657":{"start":{"line":658,"column":0},"end":{"line":658,"column":39}},"658":{"start":{"line":659,"column":0},"end":{"line":659,"column":27}},"659":{"start":{"line":660,"column":0},"end":{"line":660,"column":29}},"660":{"start":{"line":661,"column":0},"end":{"line":661,"column":12}},"661":{"start":{"line":662,"column":0},"end":{"line":662,"column":9}},"662":{"start":{"line":663,"column":0},"end":{"line":663,"column":103}},"663":{"start":{"line":664,"column":0},"end":{"line":664,"column":43}},"664":{"start":{"line":665,"column":0},"end":{"line":665,"column":55}},"665":{"start":{"line":666,"column":0},"end":{"line":666,"column":16}},"666":{"start":{"line":667,"column":0},"end":{"line":667,"column":31}},"667":{"start":{"line":668,"column":0},"end":{"line":668,"column":9}},"668":{"start":{"line":669,"column":0},"end":{"line":669,"column":7}},"670":{"start":{"line":671,"column":0},"end":{"line":671,"column":39}},"671":{"start":{"line":672,"column":0},"end":{"line":672,"column":35}},"672":{"start":{"line":673,"column":0},"end":{"line":673,"column":7}},"674":{"start":{"line":675,"column":0},"end":{"line":675,"column":45}},"675":{"start":{"line":676,"column":0},"end":{"line":676,"column":55}},"676":{"start":{"line":677,"column":0},"end":{"line":677,"column":40}},"677":{"start":{"line":678,"column":0},"end":{"line":678,"column":7}},"679":{"start":{"line":680,"column":0},"end":{"line":680,"column":43}},"680":{"start":{"line":681,"column":0},"end":{"line":681,"column":29}},"681":{"start":{"line":682,"column":0},"end":{"line":682,"column":32}},"682":{"start":{"line":683,"column":0},"end":{"line":683,"column":7}},"684":{"start":{"line":685,"column":0},"end":{"line":685,"column":37}},"685":{"start":{"line":686,"column":0},"end":{"line":686,"column":44}},"686":{"start":{"line":687,"column":0},"end":{"line":687,"column":7}},"688":{"start":{"line":689,"column":0},"end":{"line":689,"column":36}},"689":{"start":{"line":690,"column":0},"end":{"line":690,"column":32}},"690":{"start":{"line":691,"column":0},"end":{"line":691,"column":79}},"691":{"start":{"line":692,"column":0},"end":{"line":692,"column":35}},"692":{"start":{"line":693,"column":0},"end":{"line":693,"column":39}},"693":{"start":{"line":694,"column":0},"end":{"line":694,"column":7}},"695":{"start":{"line":696,"column":0},"end":{"line":696,"column":42}},"696":{"start":{"line":697,"column":0},"end":{"line":697,"column":79}},"697":{"start":{"line":698,"column":0},"end":{"line":698,"column":7}},"699":{"start":{"line":700,"column":0},"end":{"line":700,"column":45}},"700":{"start":{"line":701,"column":0},"end":{"line":701,"column":40}},"701":{"start":{"line":702,"column":0},"end":{"line":702,"column":7}},"703":{"start":{"line":704,"column":0},"end":{"line":704,"column":41}},"704":{"start":{"line":705,"column":0},"end":{"line":705,"column":37}},"705":{"start":{"line":706,"column":0},"end":{"line":706,"column":7}},"707":{"start":{"line":708,"column":0},"end":{"line":708,"column":45}},"708":{"start":{"line":709,"column":0},"end":{"line":709,"column":56}},"709":{"start":{"line":710,"column":0},"end":{"line":710,"column":45}},"710":{"start":{"line":711,"column":0},"end":{"line":711,"column":18}},"711":{"start":{"line":712,"column":0},"end":{"line":712,"column":7}},"713":{"start":{"line":714,"column":0},"end":{"line":714,"column":37}},"714":{"start":{"line":715,"column":0},"end":{"line":715,"column":32}},"715":{"start":{"line":716,"column":0},"end":{"line":716,"column":39}},"716":{"start":{"line":717,"column":0},"end":{"line":717,"column":69}},"717":{"start":{"line":718,"column":0},"end":{"line":718,"column":7}},"719":{"start":{"line":720,"column":0},"end":{"line":720,"column":50}},"720":{"start":{"line":721,"column":0},"end":{"line":721,"column":32}},"721":{"start":{"line":722,"column":0},"end":{"line":722,"column":57}},"722":{"start":{"line":723,"column":0},"end":{"line":723,"column":76}},"723":{"start":{"line":724,"column":0},"end":{"line":724,"column":41}},"724":{"start":{"line":725,"column":0},"end":{"line":725,"column":7}},"726":{"start":{"line":727,"column":0},"end":{"line":727,"column":55}},"727":{"start":{"line":728,"column":0},"end":{"line":728,"column":76}},"728":{"start":{"line":729,"column":0},"end":{"line":729,"column":63}},"729":{"start":{"line":730,"column":0},"end":{"line":730,"column":30}},"730":{"start":{"line":731,"column":0},"end":{"line":731,"column":88}},"731":{"start":{"line":732,"column":0},"end":{"line":732,"column":24}},"732":{"start":{"line":733,"column":0},"end":{"line":733,"column":41}},"733":{"start":{"line":734,"column":0},"end":{"line":734,"column":77}},"734":{"start":{"line":735,"column":0},"end":{"line":735,"column":38}},"735":{"start":{"line":736,"column":0},"end":{"line":736,"column":11}},"736":{"start":{"line":737,"column":0},"end":{"line":737,"column":50}},"737":{"start":{"line":738,"column":0},"end":{"line":738,"column":9}},"738":{"start":{"line":739,"column":0},"end":{"line":739,"column":7}},"740":{"start":{"line":741,"column":0},"end":{"line":741,"column":59}},"741":{"start":{"line":742,"column":0},"end":{"line":742,"column":52}},"742":{"start":{"line":743,"column":0},"end":{"line":743,"column":46}},"743":{"start":{"line":744,"column":0},"end":{"line":744,"column":7}},"745":{"start":{"line":746,"column":0},"end":{"line":746,"column":57}},"746":{"start":{"line":747,"column":0},"end":{"line":747,"column":52}},"747":{"start":{"line":748,"column":0},"end":{"line":748,"column":60}},"748":{"start":{"line":749,"column":0},"end":{"line":749,"column":17}},"749":{"start":{"line":750,"column":0},"end":{"line":750,"column":20}},"750":{"start":{"line":751,"column":0},"end":{"line":751,"column":54}},"751":{"start":{"line":752,"column":0},"end":{"line":752,"column":9}},"752":{"start":{"line":753,"column":0},"end":{"line":753,"column":7}},"754":{"start":{"line":755,"column":0},"end":{"line":755,"column":38}},"755":{"start":{"line":756,"column":0},"end":{"line":756,"column":43}},"756":{"start":{"line":757,"column":0},"end":{"line":757,"column":7}},"757":{"start":{"line":758,"column":0},"end":{"line":758,"column":5}},"758":{"start":{"line":759,"column":0},"end":{"line":759,"column":3}},"760":{"start":{"line":761,"column":0},"end":{"line":761,"column":39}},"761":{"start":{"line":762,"column":0},"end":{"line":762,"column":87}},"762":{"start":{"line":763,"column":0},"end":{"line":763,"column":37}},"763":{"start":{"line":764,"column":0},"end":{"line":764,"column":48}},"764":{"start":{"line":765,"column":0},"end":{"line":765,"column":51}},"765":{"start":{"line":766,"column":0},"end":{"line":766,"column":3}},"767":{"start":{"line":768,"column":0},"end":{"line":768,"column":44}},"768":{"start":{"line":769,"column":0},"end":{"line":769,"column":37}},"769":{"start":{"line":770,"column":0},"end":{"line":770,"column":48}},"770":{"start":{"line":771,"column":0},"end":{"line":771,"column":34}},"771":{"start":{"line":772,"column":0},"end":{"line":772,"column":33}},"772":{"start":{"line":773,"column":0},"end":{"line":773,"column":44}},"773":{"start":{"line":774,"column":0},"end":{"line":774,"column":27}},"774":{"start":{"line":775,"column":0},"end":{"line":775,"column":12}},"775":{"start":{"line":776,"column":0},"end":{"line":776,"column":38}},"776":{"start":{"line":777,"column":0},"end":{"line":777,"column":39}},"777":{"start":{"line":778,"column":0},"end":{"line":778,"column":6}},"778":{"start":{"line":779,"column":0},"end":{"line":779,"column":3}},"780":{"start":{"line":781,"column":0},"end":{"line":781,"column":35}},"781":{"start":{"line":782,"column":0},"end":{"line":782,"column":54}},"783":{"start":{"line":784,"column":0},"end":{"line":784,"column":16}},"784":{"start":{"line":785,"column":0},"end":{"line":785,"column":27}},"785":{"start":{"line":786,"column":0},"end":{"line":786,"column":45}},"786":{"start":{"line":787,"column":0},"end":{"line":787,"column":28}},"787":{"start":{"line":788,"column":0},"end":{"line":788,"column":12}},"788":{"start":{"line":789,"column":0},"end":{"line":789,"column":6}},"789":{"start":{"line":790,"column":0},"end":{"line":790,"column":3}},"791":{"start":{"line":792,"column":0},"end":{"line":792,"column":24}},"792":{"start":{"line":793,"column":0},"end":{"line":793,"column":46}},"793":{"start":{"line":794,"column":0},"end":{"line":794,"column":42}},"794":{"start":{"line":795,"column":0},"end":{"line":795,"column":61}},"795":{"start":{"line":796,"column":0},"end":{"line":796,"column":17}},"796":{"start":{"line":797,"column":0},"end":{"line":797,"column":31}},"797":{"start":{"line":798,"column":0},"end":{"line":798,"column":28}},"798":{"start":{"line":799,"column":0},"end":{"line":799,"column":3}},"800":{"start":{"line":801,"column":0},"end":{"line":801,"column":37}},"801":{"start":{"line":802,"column":0},"end":{"line":802,"column":77}},"802":{"start":{"line":803,"column":0},"end":{"line":803,"column":57}},"803":{"start":{"line":804,"column":0},"end":{"line":804,"column":3}},"805":{"start":{"line":806,"column":0},"end":{"line":806,"column":31}},"806":{"start":{"line":807,"column":0},"end":{"line":807,"column":26}},"808":{"start":{"line":809,"column":0},"end":{"line":809,"column":9}},"809":{"start":{"line":810,"column":0},"end":{"line":810,"column":67}},"810":{"start":{"line":811,"column":0},"end":{"line":811,"column":20}},"811":{"start":{"line":812,"column":0},"end":{"line":812,"column":20}},"812":{"start":{"line":813,"column":0},"end":{"line":813,"column":8}},"813":{"start":{"line":814,"column":0},"end":{"line":814,"column":37}},"814":{"start":{"line":815,"column":0},"end":{"line":815,"column":34}},"815":{"start":{"line":816,"column":0},"end":{"line":816,"column":48}},"816":{"start":{"line":817,"column":0},"end":{"line":817,"column":7}},"817":{"start":{"line":818,"column":0},"end":{"line":818,"column":41}},"819":{"start":{"line":820,"column":0},"end":{"line":820,"column":47}},"820":{"start":{"line":821,"column":0},"end":{"line":821,"column":31}},"821":{"start":{"line":822,"column":0},"end":{"line":822,"column":45}},"822":{"start":{"line":823,"column":0},"end":{"line":823,"column":9}},"823":{"start":{"line":824,"column":0},"end":{"line":824,"column":7}},"825":{"start":{"line":826,"column":0},"end":{"line":826,"column":65}},"826":{"start":{"line":827,"column":0},"end":{"line":827,"column":49}},"827":{"start":{"line":828,"column":0},"end":{"line":828,"column":36}},"828":{"start":{"line":829,"column":0},"end":{"line":829,"column":9}},"829":{"start":{"line":830,"column":0},"end":{"line":830,"column":44}},"830":{"start":{"line":831,"column":0},"end":{"line":831,"column":43}},"831":{"start":{"line":832,"column":0},"end":{"line":832,"column":68}},"832":{"start":{"line":833,"column":0},"end":{"line":833,"column":7}},"833":{"start":{"line":834,"column":0},"end":{"line":834,"column":13}},"834":{"start":{"line":835,"column":0},"end":{"line":835,"column":63}},"835":{"start":{"line":836,"column":0},"end":{"line":836,"column":5}},"836":{"start":{"line":837,"column":0},"end":{"line":837,"column":3}},"838":{"start":{"line":839,"column":0},"end":{"line":839,"column":49}},"839":{"start":{"line":840,"column":0},"end":{"line":840,"column":53}},"840":{"start":{"line":841,"column":0},"end":{"line":841,"column":21}},"842":{"start":{"line":843,"column":0},"end":{"line":843,"column":41}},"843":{"start":{"line":844,"column":0},"end":{"line":844,"column":48}},"845":{"start":{"line":846,"column":0},"end":{"line":846,"column":36}},"846":{"start":{"line":847,"column":0},"end":{"line":847,"column":28}},"847":{"start":{"line":848,"column":0},"end":{"line":848,"column":24}},"848":{"start":{"line":849,"column":0},"end":{"line":849,"column":30}},"849":{"start":{"line":850,"column":0},"end":{"line":850,"column":37}},"850":{"start":{"line":851,"column":0},"end":{"line":851,"column":10}},"851":{"start":{"line":852,"column":0},"end":{"line":852,"column":7}},"852":{"start":{"line":853,"column":0},"end":{"line":853,"column":5}},"854":{"start":{"line":855,"column":0},"end":{"line":855,"column":29}},"855":{"start":{"line":856,"column":0},"end":{"line":856,"column":49}},"856":{"start":{"line":857,"column":0},"end":{"line":857,"column":59}},"857":{"start":{"line":858,"column":0},"end":{"line":858,"column":7}},"858":{"start":{"line":859,"column":0},"end":{"line":859,"column":5}},"860":{"start":{"line":861,"column":0},"end":{"line":861,"column":46}},"861":{"start":{"line":862,"column":0},"end":{"line":862,"column":63}},"862":{"start":{"line":863,"column":0},"end":{"line":863,"column":50}},"863":{"start":{"line":864,"column":0},"end":{"line":864,"column":7}},"864":{"start":{"line":865,"column":0},"end":{"line":865,"column":5}},"866":{"start":{"line":867,"column":0},"end":{"line":867,"column":13}},"867":{"start":{"line":868,"column":0},"end":{"line":868,"column":3}},"869":{"start":{"line":870,"column":0},"end":{"line":870,"column":51}},"870":{"start":{"line":871,"column":0},"end":{"line":871,"column":52}},"871":{"start":{"line":872,"column":0},"end":{"line":872,"column":40}},"872":{"start":{"line":873,"column":0},"end":{"line":873,"column":39}},"873":{"start":{"line":874,"column":0},"end":{"line":874,"column":64}},"874":{"start":{"line":875,"column":0},"end":{"line":875,"column":3}},"876":{"start":{"line":877,"column":0},"end":{"line":877,"column":40}},"877":{"start":{"line":878,"column":0},"end":{"line":878,"column":34}},"878":{"start":{"line":879,"column":0},"end":{"line":879,"column":49}},"880":{"start":{"line":881,"column":0},"end":{"line":881,"column":30}},"881":{"start":{"line":882,"column":0},"end":{"line":882,"column":72}},"882":{"start":{"line":883,"column":0},"end":{"line":883,"column":48}},"884":{"start":{"line":885,"column":0},"end":{"line":885,"column":41}},"885":{"start":{"line":886,"column":0},"end":{"line":886,"column":46}},"886":{"start":{"line":887,"column":0},"end":{"line":887,"column":44}},"887":{"start":{"line":888,"column":0},"end":{"line":888,"column":66}},"888":{"start":{"line":889,"column":0},"end":{"line":889,"column":7}},"889":{"start":{"line":890,"column":0},"end":{"line":890,"column":5}},"891":{"start":{"line":892,"column":0},"end":{"line":892,"column":28}},"892":{"start":{"line":893,"column":0},"end":{"line":893,"column":70}},"893":{"start":{"line":894,"column":0},"end":{"line":894,"column":5}},"894":{"start":{"line":895,"column":0},"end":{"line":895,"column":3}},"896":{"start":{"line":897,"column":0},"end":{"line":897,"column":25}},"897":{"start":{"line":898,"column":0},"end":{"line":898,"column":26}},"898":{"start":{"line":899,"column":0},"end":{"line":899,"column":20}},"899":{"start":{"line":900,"column":0},"end":{"line":900,"column":28}},"900":{"start":{"line":901,"column":0},"end":{"line":901,"column":3}},"902":{"start":{"line":903,"column":0},"end":{"line":903,"column":31}},"903":{"start":{"line":904,"column":0},"end":{"line":904,"column":29}},"904":{"start":{"line":905,"column":0},"end":{"line":905,"column":3}},"906":{"start":{"line":907,"column":0},"end":{"line":907,"column":30}},"907":{"start":{"line":908,"column":0},"end":{"line":908,"column":30}},"908":{"start":{"line":909,"column":0},"end":{"line":909,"column":24}},"909":{"start":{"line":910,"column":0},"end":{"line":910,"column":5}},"910":{"start":{"line":911,"column":0},"end":{"line":911,"column":28}},"911":{"start":{"line":912,"column":0},"end":{"line":912,"column":3}},"913":{"start":{"line":914,"column":0},"end":{"line":914,"column":46}},"914":{"start":{"line":915,"column":0},"end":{"line":915,"column":62}},"915":{"start":{"line":916,"column":0},"end":{"line":916,"column":3}},"917":{"start":{"line":918,"column":0},"end":{"line":918,"column":38}},"918":{"start":{"line":919,"column":0},"end":{"line":919,"column":76}},"919":{"start":{"line":920,"column":0},"end":{"line":920,"column":3}},"921":{"start":{"line":922,"column":0},"end":{"line":922,"column":26}},"922":{"start":{"line":923,"column":0},"end":{"line":923,"column":47}},"923":{"start":{"line":924,"column":0},"end":{"line":924,"column":3}},"925":{"start":{"line":926,"column":0},"end":{"line":926,"column":56}},"926":{"start":{"line":927,"column":0},"end":{"line":927,"column":33}},"927":{"start":{"line":928,"column":0},"end":{"line":928,"column":91}},"928":{"start":{"line":929,"column":0},"end":{"line":929,"column":5}},"930":{"start":{"line":931,"column":0},"end":{"line":931,"column":23}},"931":{"start":{"line":932,"column":0},"end":{"line":932,"column":43}},"932":{"start":{"line":933,"column":0},"end":{"line":933,"column":65}},"933":{"start":{"line":934,"column":0},"end":{"line":934,"column":5}},"935":{"start":{"line":936,"column":0},"end":{"line":936,"column":44}},"936":{"start":{"line":937,"column":0},"end":{"line":937,"column":51}},"937":{"start":{"line":938,"column":0},"end":{"line":938,"column":44}},"938":{"start":{"line":939,"column":0},"end":{"line":939,"column":80}},"939":{"start":{"line":940,"column":0},"end":{"line":940,"column":76}},"940":{"start":{"line":941,"column":0},"end":{"line":941,"column":23}},"941":{"start":{"line":942,"column":0},"end":{"line":942,"column":94}},"942":{"start":{"line":943,"column":0},"end":{"line":943,"column":35}},"943":{"start":{"line":944,"column":0},"end":{"line":944,"column":16}},"944":{"start":{"line":945,"column":0},"end":{"line":945,"column":17}},"945":{"start":{"line":946,"column":0},"end":{"line":946,"column":32}},"946":{"start":{"line":947,"column":0},"end":{"line":947,"column":3}},"948":{"start":{"line":949,"column":0},"end":{"line":949,"column":48}},"949":{"start":{"line":950,"column":0},"end":{"line":950,"column":73}},"950":{"start":{"line":951,"column":0},"end":{"line":951,"column":16}},"951":{"start":{"line":952,"column":0},"end":{"line":952,"column":26}},"953":{"start":{"line":954,"column":0},"end":{"line":954,"column":9}},"954":{"start":{"line":955,"column":0},"end":{"line":955,"column":98}},"955":{"start":{"line":956,"column":0},"end":{"line":956,"column":44}},"956":{"start":{"line":957,"column":0},"end":{"line":957,"column":45}},"957":{"start":{"line":958,"column":0},"end":{"line":958,"column":71}},"958":{"start":{"line":959,"column":0},"end":{"line":959,"column":30}},"959":{"start":{"line":960,"column":0},"end":{"line":960,"column":19}},"960":{"start":{"line":961,"column":0},"end":{"line":961,"column":27}},"961":{"start":{"line":962,"column":0},"end":{"line":962,"column":15}},"962":{"start":{"line":963,"column":0},"end":{"line":963,"column":29}},"963":{"start":{"line":964,"column":0},"end":{"line":964,"column":5}},"964":{"start":{"line":965,"column":0},"end":{"line":965,"column":3}},"966":{"start":{"line":967,"column":0},"end":{"line":967,"column":42}},"967":{"start":{"line":968,"column":0},"end":{"line":968,"column":47}},"968":{"start":{"line":969,"column":0},"end":{"line":969,"column":26}},"970":{"start":{"line":971,"column":0},"end":{"line":971,"column":9}},"971":{"start":{"line":972,"column":0},"end":{"line":972,"column":53}},"972":{"start":{"line":973,"column":0},"end":{"line":973,"column":39}},"973":{"start":{"line":974,"column":0},"end":{"line":974,"column":47}},"974":{"start":{"line":975,"column":0},"end":{"line":975,"column":43}},"975":{"start":{"line":976,"column":0},"end":{"line":976,"column":7}},"976":{"start":{"line":977,"column":0},"end":{"line":977,"column":13}},"977":{"start":{"line":978,"column":0},"end":{"line":978,"column":67}},"978":{"start":{"line":979,"column":0},"end":{"line":979,"column":5}},"979":{"start":{"line":980,"column":0},"end":{"line":980,"column":3}},"981":{"start":{"line":982,"column":0},"end":{"line":982,"column":36}},"982":{"start":{"line":983,"column":0},"end":{"line":983,"column":31}},"983":{"start":{"line":984,"column":0},"end":{"line":984,"column":9}},"984":{"start":{"line":985,"column":0},"end":{"line":985,"column":57}},"985":{"start":{"line":986,"column":0},"end":{"line":986,"column":56}},"986":{"start":{"line":987,"column":0},"end":{"line":987,"column":13}},"987":{"start":{"line":988,"column":0},"end":{"line":988,"column":68}},"988":{"start":{"line":989,"column":0},"end":{"line":989,"column":5}},"989":{"start":{"line":990,"column":0},"end":{"line":990,"column":3}},"991":{"start":{"line":992,"column":0},"end":{"line":992,"column":33}},"992":{"start":{"line":993,"column":0},"end":{"line":993,"column":24}},"993":{"start":{"line":994,"column":0},"end":{"line":994,"column":9}},"994":{"start":{"line":995,"column":0},"end":{"line":995,"column":50}},"995":{"start":{"line":996,"column":0},"end":{"line":996,"column":43}},"996":{"start":{"line":997,"column":0},"end":{"line":997,"column":13}},"997":{"start":{"line":998,"column":0},"end":{"line":998,"column":73}},"998":{"start":{"line":999,"column":0},"end":{"line":999,"column":5}},"999":{"start":{"line":1000,"column":0},"end":{"line":1000,"column":3}},"1001":{"start":{"line":1002,"column":0},"end":{"line":1002,"column":45}},"1002":{"start":{"line":1003,"column":0},"end":{"line":1003,"column":26}},"1003":{"start":{"line":1004,"column":0},"end":{"line":1004,"column":9}},"1004":{"start":{"line":1005,"column":0},"end":{"line":1005,"column":28}},"1005":{"start":{"line":1006,"column":0},"end":{"line":1006,"column":46}},"1006":{"start":{"line":1007,"column":0},"end":{"line":1007,"column":95}},"1007":{"start":{"line":1008,"column":0},"end":{"line":1008,"column":29}},"1008":{"start":{"line":1009,"column":0},"end":{"line":1009,"column":74}},"1009":{"start":{"line":1010,"column":0},"end":{"line":1010,"column":18}},"1010":{"start":{"line":1011,"column":0},"end":{"line":1011,"column":47}},"1011":{"start":{"line":1012,"column":0},"end":{"line":1012,"column":10}},"1012":{"start":{"line":1013,"column":0},"end":{"line":1013,"column":8}},"1014":{"start":{"line":1015,"column":0},"end":{"line":1015,"column":25}},"1015":{"start":{"line":1016,"column":0},"end":{"line":1016,"column":44}},"1016":{"start":{"line":1017,"column":0},"end":{"line":1017,"column":73}},"1017":{"start":{"line":1018,"column":0},"end":{"line":1018,"column":7}},"1019":{"start":{"line":1020,"column":0},"end":{"line":1020,"column":40}},"1020":{"start":{"line":1021,"column":0},"end":{"line":1021,"column":49}},"1021":{"start":{"line":1022,"column":0},"end":{"line":1022,"column":46}},"1022":{"start":{"line":1023,"column":0},"end":{"line":1023,"column":27}},"1023":{"start":{"line":1024,"column":0},"end":{"line":1024,"column":58}},"1024":{"start":{"line":1025,"column":0},"end":{"line":1025,"column":37}},"1025":{"start":{"line":1026,"column":0},"end":{"line":1026,"column":18}},"1026":{"start":{"line":1027,"column":0},"end":{"line":1027,"column":37}},"1027":{"start":{"line":1028,"column":0},"end":{"line":1028,"column":36}},"1028":{"start":{"line":1029,"column":0},"end":{"line":1029,"column":19}},"1029":{"start":{"line":1030,"column":0},"end":{"line":1030,"column":27}},"1030":{"start":{"line":1031,"column":0},"end":{"line":1031,"column":5}},"1031":{"start":{"line":1032,"column":0},"end":{"line":1032,"column":3}},"1033":{"start":{"line":1034,"column":0},"end":{"line":1034,"column":53}},"1034":{"start":{"line":1035,"column":0},"end":{"line":1035,"column":26}},"1035":{"start":{"line":1036,"column":0},"end":{"line":1036,"column":74}},"1036":{"start":{"line":1037,"column":0},"end":{"line":1037,"column":9}},"1037":{"start":{"line":1038,"column":0},"end":{"line":1038,"column":71}},"1038":{"start":{"line":1039,"column":0},"end":{"line":1039,"column":64}},"1039":{"start":{"line":1040,"column":0},"end":{"line":1040,"column":91}},"1040":{"start":{"line":1041,"column":0},"end":{"line":1041,"column":25}},"1042":{"start":{"line":1043,"column":0},"end":{"line":1043,"column":71}},"1043":{"start":{"line":1044,"column":0},"end":{"line":1044,"column":23}},"1044":{"start":{"line":1045,"column":0},"end":{"line":1045,"column":18}},"1045":{"start":{"line":1046,"column":0},"end":{"line":1046,"column":47}},"1046":{"start":{"line":1047,"column":0},"end":{"line":1047,"column":10}},"1047":{"start":{"line":1048,"column":0},"end":{"line":1048,"column":8}},"1049":{"start":{"line":1050,"column":0},"end":{"line":1050,"column":25}},"1050":{"start":{"line":1051,"column":0},"end":{"line":1051,"column":44}},"1051":{"start":{"line":1052,"column":0},"end":{"line":1052,"column":81}},"1052":{"start":{"line":1053,"column":0},"end":{"line":1053,"column":7}},"1054":{"start":{"line":1055,"column":0},"end":{"line":1055,"column":40}},"1055":{"start":{"line":1056,"column":0},"end":{"line":1056,"column":49}},"1056":{"start":{"line":1057,"column":0},"end":{"line":1057,"column":46}},"1057":{"start":{"line":1058,"column":0},"end":{"line":1058,"column":27}},"1058":{"start":{"line":1059,"column":0},"end":{"line":1059,"column":89}},"1059":{"start":{"line":1060,"column":0},"end":{"line":1060,"column":57}},"1060":{"start":{"line":1061,"column":0},"end":{"line":1061,"column":37}},"1061":{"start":{"line":1062,"column":0},"end":{"line":1062,"column":18}},"1062":{"start":{"line":1063,"column":0},"end":{"line":1063,"column":37}},"1063":{"start":{"line":1064,"column":0},"end":{"line":1064,"column":36}},"1064":{"start":{"line":1065,"column":0},"end":{"line":1065,"column":64}},"1065":{"start":{"line":1066,"column":0},"end":{"line":1066,"column":19}},"1066":{"start":{"line":1067,"column":0},"end":{"line":1067,"column":27}},"1067":{"start":{"line":1068,"column":0},"end":{"line":1068,"column":15}},"1068":{"start":{"line":1069,"column":0},"end":{"line":1069,"column":43}},"1069":{"start":{"line":1070,"column":0},"end":{"line":1070,"column":35}},"1070":{"start":{"line":1071,"column":0},"end":{"line":1071,"column":28}},"1071":{"start":{"line":1072,"column":0},"end":{"line":1072,"column":19}},"1072":{"start":{"line":1073,"column":0},"end":{"line":1073,"column":8}},"1073":{"start":{"line":1074,"column":0},"end":{"line":1074,"column":5}},"1074":{"start":{"line":1075,"column":0},"end":{"line":1075,"column":3}},"1076":{"start":{"line":1077,"column":0},"end":{"line":1077,"column":100}},"1077":{"start":{"line":1078,"column":0},"end":{"line":1078,"column":41}},"1078":{"start":{"line":1079,"column":0},"end":{"line":1079,"column":6}},"1079":{"start":{"line":1080,"column":0},"end":{"line":1080,"column":91}},"1080":{"start":{"line":1081,"column":0},"end":{"line":1081,"column":3}},"1081":{"start":{"line":1082,"column":0},"end":{"line":1082,"column":36}},"1082":{"start":{"line":1083,"column":0},"end":{"line":1083,"column":6}},"1083":{"start":{"line":1084,"column":0},"end":{"line":1084,"column":13}},"1084":{"start":{"line":1085,"column":0},"end":{"line":1085,"column":10}},"1085":{"start":{"line":1086,"column":0},"end":{"line":1086,"column":111}},"1086":{"start":{"line":1087,"column":0},"end":{"line":1087,"column":6}},"1087":{"start":{"line":1088,"column":0},"end":{"line":1088,"column":3}},"1088":{"start":{"line":1089,"column":0},"end":{"line":1089,"column":72}},"1089":{"start":{"line":1090,"column":0},"end":{"line":1090,"column":93}},"1090":{"start":{"line":1091,"column":0},"end":{"line":1091,"column":73}},"1091":{"start":{"line":1092,"column":0},"end":{"line":1092,"column":77}},"1092":{"start":{"line":1093,"column":0},"end":{"line":1093,"column":81}},"1093":{"start":{"line":1094,"column":0},"end":{"line":1094,"column":26}},"1094":{"start":{"line":1095,"column":0},"end":{"line":1095,"column":71}},"1095":{"start":{"line":1096,"column":0},"end":{"line":1096,"column":79}},"1096":{"start":{"line":1097,"column":0},"end":{"line":1097,"column":76}},"1097":{"start":{"line":1098,"column":0},"end":{"line":1098,"column":3}},"1098":{"start":{"line":1099,"column":0},"end":{"line":1099,"column":57}},"1099":{"start":{"line":1100,"column":0},"end":{"line":1100,"column":56}},"1100":{"start":{"line":1101,"column":0},"end":{"line":1101,"column":59}},"1102":{"start":{"line":1103,"column":0},"end":{"line":1103,"column":32}},"1103":{"start":{"line":1104,"column":0},"end":{"line":1104,"column":12}},"1104":{"start":{"line":1105,"column":0},"end":{"line":1105,"column":190}},"1105":{"start":{"line":1106,"column":0},"end":{"line":1106,"column":181}},"1106":{"start":{"line":1107,"column":0},"end":{"line":1107,"column":136}},"1107":{"start":{"line":1108,"column":0},"end":{"line":1108,"column":125}},"1108":{"start":{"line":1109,"column":0},"end":{"line":1109,"column":148}},"1110":{"start":{"line":1111,"column":0},"end":{"line":1111,"column":101}},"1111":{"start":{"line":1112,"column":0},"end":{"line":1112,"column":19}},"1112":{"start":{"line":1113,"column":0},"end":{"line":1113,"column":27}},"1113":{"start":{"line":1114,"column":0},"end":{"line":1114,"column":50}},"1114":{"start":{"line":1115,"column":0},"end":{"line":1115,"column":215}},"1115":{"start":{"line":1116,"column":0},"end":{"line":1116,"column":13}},"1117":{"start":{"line":1118,"column":0},"end":{"line":1118,"column":21}},"1118":{"start":{"line":1119,"column":0},"end":{"line":1119,"column":19}},"1119":{"start":{"line":1120,"column":0},"end":{"line":1120,"column":27}},"1120":{"start":{"line":1121,"column":0},"end":{"line":1121,"column":53}},"1121":{"start":{"line":1122,"column":0},"end":{"line":1122,"column":218}},"1122":{"start":{"line":1123,"column":0},"end":{"line":1123,"column":13}},"1124":{"start":{"line":1125,"column":0},"end":{"line":1125,"column":21}},"1125":{"start":{"line":1126,"column":0},"end":{"line":1126,"column":16}},"1127":{"start":{"line":1128,"column":0},"end":{"line":1128,"column":42}},"1128":{"start":{"line":1129,"column":0},"end":{"line":1129,"column":40}},"1129":{"start":{"line":1130,"column":0},"end":{"line":1130,"column":16}},"1130":{"start":{"line":1131,"column":0},"end":{"line":1131,"column":22}},"1131":{"start":{"line":1132,"column":0},"end":{"line":1132,"column":41}},"1132":{"start":{"line":1133,"column":0},"end":{"line":1133,"column":78}},"1133":{"start":{"line":1134,"column":0},"end":{"line":1134,"column":196}},"1134":{"start":{"line":1135,"column":0},"end":{"line":1135,"column":44}},"1135":{"start":{"line":1136,"column":0},"end":{"line":1136,"column":18}},"1136":{"start":{"line":1137,"column":0},"end":{"line":1137,"column":17}},"1137":{"start":{"line":1138,"column":0},"end":{"line":1138,"column":21}},"1138":{"start":{"line":1139,"column":0},"end":{"line":1139,"column":18}},"1139":{"start":{"line":1140,"column":0},"end":{"line":1140,"column":31}},"1140":{"start":{"line":1141,"column":0},"end":{"line":1141,"column":68}},"1141":{"start":{"line":1142,"column":0},"end":{"line":1142,"column":192}},"1142":{"start":{"line":1143,"column":0},"end":{"line":1143,"column":33}},"1143":{"start":{"line":1144,"column":0},"end":{"line":1144,"column":26}},"1144":{"start":{"line":1145,"column":0},"end":{"line":1145,"column":14}},"1145":{"start":{"line":1146,"column":0},"end":{"line":1146,"column":18}},"1146":{"start":{"line":1147,"column":0},"end":{"line":1147,"column":34}},"1147":{"start":{"line":1148,"column":0},"end":{"line":1148,"column":71}},"1148":{"start":{"line":1149,"column":0},"end":{"line":1149,"column":192}},"1149":{"start":{"line":1150,"column":0},"end":{"line":1150,"column":36}},"1150":{"start":{"line":1151,"column":0},"end":{"line":1151,"column":29}},"1151":{"start":{"line":1152,"column":0},"end":{"line":1152,"column":14}},"1152":{"start":{"line":1153,"column":0},"end":{"line":1153,"column":19}},"1153":{"start":{"line":1154,"column":0},"end":{"line":1154,"column":27}},"1154":{"start":{"line":1155,"column":0},"end":{"line":1155,"column":34}},"1155":{"start":{"line":1156,"column":0},"end":{"line":1156,"column":36}},"1156":{"start":{"line":1157,"column":0},"end":{"line":1157,"column":175}},"1158":{"start":{"line":1159,"column":0},"end":{"line":1159,"column":101}},"1159":{"start":{"line":1160,"column":0},"end":{"line":1160,"column":21}},"1160":{"start":{"line":1161,"column":0},"end":{"line":1161,"column":16}},"1162":{"start":{"line":1163,"column":0},"end":{"line":1163,"column":202}},"1163":{"start":{"line":1164,"column":0},"end":{"line":1164,"column":14}},"1164":{"start":{"line":1165,"column":0},"end":{"line":1165,"column":12}},"1166":{"start":{"line":1167,"column":0},"end":{"line":1167,"column":3}},"1167":{"start":{"line":1168,"column":0},"end":{"line":1168,"column":56}},"1168":{"start":{"line":1169,"column":0},"end":{"line":1169,"column":219}},"1169":{"start":{"line":1170,"column":0},"end":{"line":1170,"column":8}},"1171":{"start":{"line":1172,"column":0},"end":{"line":1172,"column":10}},"1172":{"start":{"line":1173,"column":0},"end":{"line":1173,"column":87}},"1173":{"start":{"line":1174,"column":0},"end":{"line":1174,"column":106}},"1174":{"start":{"line":1175,"column":0},"end":{"line":1175,"column":94}},"1175":{"start":{"line":1176,"column":0},"end":{"line":1176,"column":200}},"1176":{"start":{"line":1177,"column":0},"end":{"line":1177,"column":96}},"1177":{"start":{"line":1178,"column":0},"end":{"line":1178,"column":115}},"1178":{"start":{"line":1179,"column":0},"end":{"line":1179,"column":82}},"1179":{"start":{"line":1180,"column":0},"end":{"line":1180,"column":25}},"1180":{"start":{"line":1181,"column":0},"end":{"line":1181,"column":18}},"1181":{"start":{"line":1182,"column":0},"end":{"line":1182,"column":16}},"1182":{"start":{"line":1183,"column":0},"end":{"line":1183,"column":216}},"1183":{"start":{"line":1184,"column":0},"end":{"line":1184,"column":19}},"1184":{"start":{"line":1185,"column":0},"end":{"line":1185,"column":27}},"1185":{"start":{"line":1186,"column":0},"end":{"line":1186,"column":55}},"1186":{"start":{"line":1187,"column":0},"end":{"line":1187,"column":230}},"1187":{"start":{"line":1188,"column":0},"end":{"line":1188,"column":38}},"1188":{"start":{"line":1189,"column":0},"end":{"line":1189,"column":43}},"1190":{"start":{"line":1191,"column":0},"end":{"line":1191,"column":58}},"1191":{"start":{"line":1192,"column":0},"end":{"line":1192,"column":21}},"1192":{"start":{"line":1193,"column":0},"end":{"line":1193,"column":19}},"1193":{"start":{"line":1194,"column":0},"end":{"line":1194,"column":27}},"1194":{"start":{"line":1195,"column":0},"end":{"line":1195,"column":53}},"1195":{"start":{"line":1196,"column":0},"end":{"line":1196,"column":230}},"1196":{"start":{"line":1197,"column":0},"end":{"line":1197,"column":34}},"1197":{"start":{"line":1198,"column":0},"end":{"line":1198,"column":39}},"1199":{"start":{"line":1200,"column":0},"end":{"line":1200,"column":55}},"1200":{"start":{"line":1201,"column":0},"end":{"line":1201,"column":21}},"1201":{"start":{"line":1202,"column":0},"end":{"line":1202,"column":26}},"1202":{"start":{"line":1203,"column":0},"end":{"line":1203,"column":21}},"1203":{"start":{"line":1204,"column":0},"end":{"line":1204,"column":29}},"1204":{"start":{"line":1205,"column":0},"end":{"line":1205,"column":41}},"1205":{"start":{"line":1206,"column":0},"end":{"line":1206,"column":232}},"1206":{"start":{"line":1207,"column":0},"end":{"line":1207,"column":36}},"1207":{"start":{"line":1208,"column":0},"end":{"line":1208,"column":41}},"1209":{"start":{"line":1210,"column":0},"end":{"line":1210,"column":58}},"1210":{"start":{"line":1211,"column":0},"end":{"line":1211,"column":23}},"1211":{"start":{"line":1212,"column":0},"end":{"line":1212,"column":21}},"1212":{"start":{"line":1213,"column":0},"end":{"line":1213,"column":19}},"1213":{"start":{"line":1214,"column":0},"end":{"line":1214,"column":27}},"1214":{"start":{"line":1215,"column":0},"end":{"line":1215,"column":40}},"1215":{"start":{"line":1216,"column":0},"end":{"line":1216,"column":230}},"1216":{"start":{"line":1217,"column":0},"end":{"line":1217,"column":48}},"1217":{"start":{"line":1218,"column":0},"end":{"line":1218,"column":53}},"1219":{"start":{"line":1220,"column":0},"end":{"line":1220,"column":57}},"1220":{"start":{"line":1221,"column":0},"end":{"line":1221,"column":21}},"1221":{"start":{"line":1222,"column":0},"end":{"line":1222,"column":19}},"1222":{"start":{"line":1223,"column":0},"end":{"line":1223,"column":27}},"1223":{"start":{"line":1224,"column":0},"end":{"line":1224,"column":92}},"1224":{"start":{"line":1225,"column":0},"end":{"line":1225,"column":230}},"1225":{"start":{"line":1226,"column":0},"end":{"line":1226,"column":43}},"1226":{"start":{"line":1227,"column":0},"end":{"line":1227,"column":38}},"1228":{"start":{"line":1229,"column":0},"end":{"line":1229,"column":117}},"1229":{"start":{"line":1230,"column":0},"end":{"line":1230,"column":21}},"1230":{"start":{"line":1231,"column":0},"end":{"line":1231,"column":19}},"1231":{"start":{"line":1232,"column":0},"end":{"line":1232,"column":27}},"1232":{"start":{"line":1233,"column":0},"end":{"line":1233,"column":31}},"1233":{"start":{"line":1234,"column":0},"end":{"line":1234,"column":230}},"1234":{"start":{"line":1235,"column":0},"end":{"line":1235,"column":30}},"1235":{"start":{"line":1236,"column":0},"end":{"line":1236,"column":35}},"1237":{"start":{"line":1238,"column":0},"end":{"line":1238,"column":56}},"1238":{"start":{"line":1239,"column":0},"end":{"line":1239,"column":21}},"1239":{"start":{"line":1240,"column":0},"end":{"line":1240,"column":16}},"1240":{"start":{"line":1241,"column":0},"end":{"line":1241,"column":17}},"1242":{"start":{"line":1243,"column":0},"end":{"line":1243,"column":55}},"1244":{"start":{"line":1245,"column":0},"end":{"line":1245,"column":98}},"1245":{"start":{"line":1246,"column":0},"end":{"line":1246,"column":18}},"1246":{"start":{"line":1247,"column":0},"end":{"line":1247,"column":35}},"1247":{"start":{"line":1248,"column":0},"end":{"line":1248,"column":184}},"1248":{"start":{"line":1249,"column":0},"end":{"line":1249,"column":31}},"1249":{"start":{"line":1250,"column":0},"end":{"line":1250,"column":54}},"1250":{"start":{"line":1251,"column":0},"end":{"line":1251,"column":47}},"1251":{"start":{"line":1252,"column":0},"end":{"line":1252,"column":15}},"1253":{"start":{"line":1254,"column":0},"end":{"line":1254,"column":90}},"1254":{"start":{"line":1255,"column":0},"end":{"line":1255,"column":157}},"1255":{"start":{"line":1256,"column":0},"end":{"line":1256,"column":29}},"1256":{"start":{"line":1257,"column":0},"end":{"line":1257,"column":20}},"1257":{"start":{"line":1258,"column":0},"end":{"line":1258,"column":173}},"1258":{"start":{"line":1259,"column":0},"end":{"line":1259,"column":45}},"1259":{"start":{"line":1260,"column":0},"end":{"line":1260,"column":20}},"1260":{"start":{"line":1261,"column":0},"end":{"line":1261,"column":129}},"1261":{"start":{"line":1262,"column":0},"end":{"line":1262,"column":18}},"1263":{"start":{"line":1264,"column":0},"end":{"line":1264,"column":70}},"1264":{"start":{"line":1265,"column":0},"end":{"line":1265,"column":45}},"1265":{"start":{"line":1266,"column":0},"end":{"line":1266,"column":20}},"1266":{"start":{"line":1267,"column":0},"end":{"line":1267,"column":34}},"1267":{"start":{"line":1268,"column":0},"end":{"line":1268,"column":130}},"1268":{"start":{"line":1269,"column":0},"end":{"line":1269,"column":56}},"1270":{"start":{"line":1271,"column":0},"end":{"line":1271,"column":66}},"1271":{"start":{"line":1272,"column":0},"end
[...]
,"/home/edf/Documents/GitSynced/Hackaton/frontend/src/main.jsx": {"path":"/home/edf/Documents/GitSynced/Hackaton/frontend/src/main.jsx","all":true,"statementMap":{"0":{"start":{"line":1,"column":0},"end":{"line":1,"column":25}},"1":{"start":{"line":2,"column":0},"end":{"line":2,"column":39}},"2":{"start":{"line":3,"column":0},"end":{"line":3,"column":23}},"3":{"start":{"line":4,"column":0},"end":{"line":4,"column":21}},"5":{"start":{"line":6,"column":0},"end":{"line":6,"column":60}},"6":{"start":{"line":7,"column":0},"end":{"line":7,"column":20}},"7":{"start":{"line":8,"column":0},"end":{"line":8,"column":11}},"8":{"start":{"line":9,"column":0},"end":{"line":9,"column":22}},"9":{"start":{"line":10,"column":0},"end":{"line":10,"column":1}}},"s":{"0":0,"1":0,"2":0,"3":0,"5":0,"6":0,"7":0,"8":0,"9":0},"branchMap":{"0":{"type":"branch","line":1,"loc":{"start":{"line":1,"column":231},"end":{"line":10,"column":1}},"locations":[{"start":{"line":1,"column":231},"end":{"line":10,"column":1}}]}},"b":{"0":[0]},"fnMap":{"0":{"name":"(empty-report)","decl":{"start":{"line":1,"column":231},"end":{"line":10,"column":1}},"loc":{"start":{"line":1,"column":231},"end":{"line":10,"column":1}},"line":1}},"f":{"0":0}}
,"/home/edf/Documents/GitSynced/Hackaton/frontend/src/components/CountdownBanner.jsx": {"path":"/home/edf/Documents/GitSynced/Hackaton/frontend/src/components/CountdownBanner.jsx","all":false,"statementMap":{"0":{"start":{"line":1,"column":0},"end":{"line":1,"column":43}},"2":{"start":{"line":3,"column":0},"end":{"line":3,"column":41}},"3":{"start":{"line":4,"column":0},"end":{"line":4,"column":29}},"4":{"start":{"line":5,"column":0},"end":{"line":5,"column":66}},"5":{"start":{"line":6,"column":0},"end":{"line":6,"column":1}},"7":{"start":{"line":8,"column":0},"end":{"line":8,"column":51}},"8":{"start":{"line":9,"column":0},"end":{"line":9,"column":80}},"10":{"start":{"line":11,"column":0},"end":{"line":11,"column":19}},"11":{"start":{"line":12,"column":0},"end":{"line":12,"column":50}},"12":{"start":{"line":13,"column":0},"end":{"line":13,"column":29}},"14":{"start":{"line":15,"column":0},"end":{"line":15,"column":44}},"15":{"start":{"line":16,"column":0},"end":{"line":16,"column":52}},"16":{"start":{"line":17,"column":0},"end":{"line":17,"column":11}},"18":{"start":{"line":19,"column":0},"end":{"line":19,"column":44}},"19":{"start":{"line":20,"column":0},"end":{"line":20,"column":20}},"21":{"start":{"line":22,"column":0},"end":{"line":22,"column":52}},"23":{"start":{"line":24,"column":0},"end":{"line":24,"column":46}},"24":{"start":{"line":25,"column":0},"end":{"line":25,"column":59}},"25":{"start":{"line":26,"column":0},"end":{"line":26,"column":75}},"26":{"start":{"line":27,"column":0},"end":{"line":27,"column":20}},"27":{"start":{"line":28,"column":0},"end":{"line":28,"column":22}},"28":{"start":{"line":29,"column":0},"end":{"line":29,"column":4}},"30":{"start":{"line":31,"column":0},"end":{"line":31,"column":10}},"31":{"start":{"line":32,"column":0},"end":{"line":32,"column":324}},"32":{"start":{"line":33,"column":0},"end":{"line":33,"column":65}},"33":{"start":{"line":34,"column":0},"end":{"line":34,"column":47}},"34":{"start":{"line":35,"column":0},"end":{"line":35,"column":159}},"35":{"start":{"line":36,"column":0},"end":{"line":36,"column":151}},"36":{"start":{"line":37,"column":0},"end":{"line":37,"column":12}},"37":{"start":{"line":38,"column":0},"end":{"line":38,"column":10}},"39":{"start":{"line":40,"column":0},"end":{"line":40,"column":1}}},"s":{"0":1,"2":10,"3":10,"4":2,"5":2,"7":1,"8":5,"10":5,"11":5,"12":5,"14":1,"15":0,"16":1,"18":1,"19":5,"21":5,"23":1,"24":1,"25":1,"26":1,"27":1,"28":1,"30":1,"31":1,"32":1,"33":1,"34":1,"35":1,"36":1,"37":1,"39":1},"branchMap":{"0":{"type":"branch","line":3,"loc":{"start":{"line":3,"column":0},"end":{"line":6,"column":1}},"locations":[{"start":{"line":3,"column":0},"end":{"line":6,"column":1}}]},"1":{"type":"branch","line":4,"loc":{"start":{"line":4,"column":21},"end":{"line":6,"column":1}},"locations":[{"start":{"line":4,"column":21},"end":{"line":6,"column":1}}]},"2":{"type":"branch","line":4,"loc":{"start":{"line":4,"column":28},"end":{"line":6,"column":1}},"locations":[{"start":{"line":4,"column":28},"end":{"line":6,"column":1}}]},"3":{"type":"branch","line":8,"loc":{"start":{"line":8,"column":7},"end":{"line":40,"column":1}},"locations":[{"start":{"line":8,"column":7},"end":{"line":40,"column":1}}]},"4":{"type":"branch","line":22,"loc":{"start":{"line":22,"column":7},"end":{"line":22,"column":41}},"locations":[{"start":{"line":22,"column":7},"end":{"line":22,"column":41}}]},"5":{"type":"branch","line":22,"loc":{"start":{"line":22,"column":41},"end":{"line":40,"column":1}},"locations":[{"start":{"line":22,"column":41},"end":{"line":40,"column":1}}]},"6":{"type":"branch","line":22,"loc":{"start":{"line":22,"column":48},"end":{"line":40,"column":1}},"locations":[{"start":{"line":22,"column":48},"end":{"line":40,"column":1}}]},"7":{"type":"branch","line":11,"loc":{"start":{"line":11,"column":12},"end":{"line":20,"column":5}},"locations":[{"start":{"line":11,"column":12},"end":{"line":20,"column":5}}]},"8":{"type":"branch","line":13,"loc":{"start":{"line":13,"column":23},"end":{"line":19,"column":44}},"locations":[{"start":{"line":13,"column":23},"end":{"line":19,"column":44}}]},"9":{"type":"branch","line":13,"loc":{"start":{"line":13,"column":23},"end":{"line":19,"column":44}},"locations":[{"start":{"line":13,"column":23},"end":{"line":19,"column":44}}]},"10":{"type":"branch","line":19,"loc":{"start":{"line":19,"column":11},"end":{"line":19,"column":44}},"locations":[{"start":{"line":19,"column":11},"end":{"line":19,"column":44}}]}},"b":{"0":[10],"1":[8],"2":[2],"3":[5],"4":[1],"5":[4],"6":[1],"7":[5],"8":[4],"9":[1],"10":[1]},"fnMap":{"0":{"name":"remainingSeconds","decl":{"start":{"line":3,"column":0},"end":{"line":6,"column":1}},"loc":{"start":{"line":3,"column":0},"end":{"line":6,"column":1}},"line":3},"1":{"name":"CountdownBanner","decl":{"start":{"line":8,"column":7},"end":{"line":40,"column":1}},"loc":{"start":{"line":8,"column":7},"end":{"line":40,"column":1}},"line":8}},"f":{"0":10,"1":5}}
,"/home/edf/Documents/GitSynced/Hackaton/frontend/src/components/QuizOverlay.jsx": {"path":"/home/edf/Documents/GitSynced/Hackaton/frontend/src/components/QuizOverlay.jsx","all":false,"statementMap":{"0":{"start":{"line":1,"column":0},"end":{"line":1,"column":114}},"1":{"start":{"line":2,"column":0},"end":{"line":2,"column":24}},"3":{"start":{"line":4,"column":0},"end":{"line":4,"column":54}},"5":{"start":{"line":6,"column":0},"end":{"line":6,"column":10}},"6":{"start":{"line":7,"column":0},"end":{"line":7,"column":8}},"7":{"start":{"line":8,"column":0},"end":{"line":8,"column":184}},"8":{"start":{"line":9,"column":0},"end":{"line":9,"column":76}},"9":{"start":{"line":10,"column":0},"end":{"line":10,"column":9}},"11":{"start":{"line":12,"column":0},"end":{"line":12,"column":124}},"12":{"start":{"line":13,"column":0},"end":{"line":13,"column":148}},"13":{"start":{"line":14,"column":0},"end":{"line":14,"column":23}},"14":{"start":{"line":15,"column":0},"end":{"line":15,"column":12}},"15":{"start":{"line":16,"column":0},"end":{"line":16,"column":49}},"16":{"start":{"line":17,"column":0},"end":{"line":17,"column":39}},"17":{"start":{"line":18,"column":0},"end":{"line":18,"column":17}},"18":{"start":{"line":19,"column":0},"end":{"line":19,"column":27}},"19":{"start":{"line":20,"column":0},"end":{"line":20,"column":25}},"20":{"start":{"line":21,"column":0},"end":{"line":21,"column":29}},"21":{"start":{"line":22,"column":0},"end":{"line":22,"column":49}},"22":{"start":{"line":23,"column":0},"end":{"line":23,"column":171}},"23":{"start":{"line":24,"column":0},"end":{"line":24,"column":44}},"24":{"start":{"line":25,"column":0},"end":{"line":25,"column":96}},"25":{"start":{"line":26,"column":0},"end":{"line":26,"column":166}},"26":{"start":{"line":27,"column":0},"end":{"line":27,"column":79}},"28":{"start":{"line":29,"column":0},"end":{"line":29,"column":105}},"29":{"start":{"line":30,"column":0},"end":{"line":30,"column":25}},"30":{"start":{"line":31,"column":0},"end":{"line":31,"column":19}},"31":{"start":{"line":32,"column":0},"end":{"line":32,"column":11}},"32":{"start":{"line":33,"column":0},"end":{"line":33,"column":12}},"33":{"start":{"line":34,"column":0},"end":{"line":34,"column":23}},"34":{"start":{"line":35,"column":0},"end":{"line":35,"column":144}},"36":{"start":{"line":37,"column":0},"end":{"line":37,"column":14}},"37":{"start":{"line":38,"column":0},"end":{"line":38,"column":15}},"38":{"start":{"line":39,"column":0},"end":{"line":39,"column":27}},"39":{"start":{"line":40,"column":0},"end":{"line":40,"column":177}},"40":{"start":{"line":41,"column":0},"end":{"line":41,"column":15}},"41":{"start":{"line":42,"column":0},"end":{"line":42,"column":10}},"43":{"start":{"line":44,"column":0},"end":{"line":44,"column":1}}},"s":{"0":1,"1":3,"3":3,"5":3,"6":3,"7":3,"8":3,"9":3,"11":3,"12":3,"13":3,"14":3,"15":3,"16":3,"17":8,"18":8,"19":8,"20":8,"21":8,"22":8,"23":8,"24":1,"25":7,"26":8,"28":8,"29":8,"30":8,"31":3,"32":3,"33":3,"34":1,"36":1,"37":1,"38":3,"39":1,"40":1,"41":3,"43":3},"branchMap":{"0":{"type":"branch","line":1,"loc":{"start":{"line":1,"column":7},"end":{"line":44,"column":1}},"locations":[{"start":{"line":1,"column":7},"end":{"line":44,"column":1}}]},"1":{"type":"branch","line":2,"loc":{"start":{"line":2,"column":13},"end":{"line":2,"column":24}},"locations":[{"start":{"line":2,"column":13},"end":{"line":2,"column":24}}]},"2":{"type":"branch","line":2,"loc":{"start":{"line":2,"column":20},"end":{"line":4,"column":29}},"locations":[{"start":{"line":2,"column":20},"end":{"line":4,"column":29}}]},"3":{"type":"branch","line":4,"loc":{"start":{"line":4,"column":17},"end":{"line":4,"column":54}},"locations":[{"start":{"line":4,"column":17},"end":{"line":4,"column":54}}]},"4":{"type":"branch","line":9,"loc":{"start":{"line":9,"column":8},"end":{"line":9,"column":74}},"locations":[{"start":{"line":9,"column":8},"end":{"line":9,"column":74}}]},"5":{"type":"branch","line":9,"loc":{"start":{"line":9,"column":16},"end":{"line":9,"column":76}},"locations":[{"start":{"line":9,"column":16},"end":{"line":9,"column":76}}]},"6":{"type":"branch","line":13,"loc":{"start":{"line":13,"column":89},"end":{"line":13,"column":122}},"locations":[{"start":{"line":13,"column":89},"end":{"line":13,"column":122}}]},"7":{"type":"branch","line":13,"loc":{"start":{"line":13,"column":97},"end":{"line":13,"column":144}},"locations":[{"start":{"line":13,"column":97},"end":{"line":13,"column":144}}]},"8":{"type":"branch","line":34,"loc":{"start":{"line":34,"column":7},"end":{"line":37,"column":14}},"locations":[{"start":{"line":34,"column":7},"end":{"line":37,"column":14}}]},"9":{"type":"branch","line":37,"loc":{"start":{"line":37,"column":8},"end":{"line":38,"column":15}},"locations":[{"start":{"line":37,"column":8},"end":{"line":38,"column":15}}]},"10":{"type":"branch","line":39,"loc":{"start":{"line":39,"column":7},"end":{"line":40,"column":177}},"locations":[{"start":{"line":39,"column":7},"end":{"line":40,"column":177}}]},"11":{"type":"branch","line":40,"loc":{"start":{"line":40,"column":171},"end":{"line":41,"column":15}},"locations":[{"start":{"line":40,"column":171},"end":{"line":41,"column":15}}]},"12":{"type":"branch","line":17,"loc":{"start":{"line":17,"column":26},"end":{"line":31,"column":19}},"locations":[{"start":{"line":17,"column":26},"end":{"line":31,"column":19}}]},"13":{"type":"branch","line":24,"loc":{"start":{"line":24,"column":42},"end":{"line":25,"column":96}},"locations":[{"start":{"line":24,"column":42},"end":{"line":25,"column":96}}]},"14":{"type":"branch","line":25,"loc":{"start":{"line":25,"column":18},"end":{"line":26,"column":166}},"locations":[{"start":{"line":25,"column":18},"end":{"line":26,"column":166}}]},"15":{"type":"branch","line":27,"loc":{"start":{"line":27,"column":16},"end":{"line":27,"column":54}},"locations":[{"start":{"line":27,"column":16},"end":{"line":27,"column":54}}]},"16":{"type":"branch","line":29,"loc":{"start":{"line":29,"column":32},"end":{"line":29,"column":58}},"locations":[{"start":{"line":29,"column":32},"end":{"line":29,"column":58}}]},"17":{"type":"branch","line":22,"loc":{"start":{"line":22,"column":21},"end":{"line":22,"column":49}},"locations":[{"start":{"line":22,"column":21},"end":{"line":22,"column":49}}]}},"b":{"0":[3],"1":[1],"2":[2],"3":[1],"4":[0],"5":[2],"6":[0],"7":[2],"8":[1],"9":[1],"10":[1],"11":[1],"12":[8],"13":[1],"14":[7],"15":[0],"16":[0],"17":[1]},"fnMap":{"0":{"name":"QuizOverlay","decl":{"start":{"line":1,"column":7},"end":{"line":44,"column":1}},"loc":{"start":{"line":1,"column":7},"end":{"line":44,"column":1}},"line":1},"1":{"name":"onClick","decl":{"start":{"line":22,"column":21},"end":{"line":22,"column":49}},"loc":{"start":{"line":22,"column":21},"end":{"line":22,"column":49}},"line":22}},"f":{"0":3,"1":1}}
,"/home/edf/Documents/GitSynced/Hackaton/frontend/src/components/SessionQRCode.jsx": {"path":"/home/edf/Documents/GitSynced/Hackaton/frontend/src/components/SessionQRCode.jsx","all":false,"statementMap":{"0":{"start":{"line":1,"column":0},"end":{"line":1,"column":43}},"3":{"start":{"line":4,"column":0},"end":{"line":4,"column":70}},"4":{"start":{"line":5,"column":0},"end":{"line":5,"column":48}},"6":{"start":{"line":7,"column":0},"end":{"line":7,"column":19}},"7":{"start":{"line":8,"column":0},"end":{"line":8,"column":25}},"9":{"start":{"line":10,"column":0},"end":{"line":10,"column":17}},"10":{"start":{"line":11,"column":0},"end":{"line":11,"column":22}},"11":{"start":{"line":12,"column":0},"end":{"line":12,"column":12}},"12":{"start":{"line":13,"column":0},"end":{"line":13,"column":5}},"14":{"start":{"line":15,"column":0},"end":{"line":15,"column":29}},"15":{"start":{"line":16,"column":0},"end":{"line":16,"column":18}},"16":{"start":{"line":17,"column":0},"end":{"line":17,"column":16}},"17":{"start":{"line":18,"column":0},"end":{"line":18,"column":32}},"18":{"start":{"line":19,"column":0},"end":{"line":19,"column":6}},"19":{"start":{"line":20,"column":0},"end":{"line":20,"column":26}},"20":{"start":{"line":21,"column":0},"end":{"line":21,"column":25}},"21":{"start":{"line":22,"column":0},"end":{"line":22,"column":31}},"22":{"start":{"line":23,"column":0},"end":{"line":23,"column":9}},"23":{"start":{"line":24,"column":0},"end":{"line":24,"column":8}},"24":{"start":{"line":25,"column":0},"end":{"line":25,"column":20}},"25":{"start":{"line":26,"column":0},"end":{"line":26,"column":25}},"26":{"start":{"line":27,"column":0},"end":{"line":27,"column":26}},"27":{"start":{"line":28,"column":0},"end":{"line":28,"column":9}},"28":{"start":{"line":29,"column":0},"end":{"line":29,"column":8}},"30":{"start":{"line":31,"column":0},"end":{"line":31,"column":18}},"31":{"start":{"line":32,"column":0},"end":{"line":32,"column":22}},"32":{"start":{"line":33,"column":0},"end":{"line":33,"column":5}},"33":{"start":{"line":34,"column":0},"end":{"line":34,"column":19}},"35":{"start":{"line":36,"column":0},"end":{"line":36,"column":39}},"37":{"start":{"line":38,"column":0},"end":{"line":38,"column":81}},"38":{"start":{"line":39,"column":0},"end":{"line":39,"column":1}}},"s":{"0":1,"3":1,"4":4,"6":4,"7":3,"9":3,"10":1,"11":1,"12":1,"14":2,"15":2,"16":2,"17":2,"18":2,"19":2,"20":1,"21":1,"22":1,"23":2,"24":2,"25":1,"26":1,"27":1,"28":2,"30":2,"31":2,"32":2,"33":4,"35":4,"37":1,"38":1},"branchMap":{"0":{"type":"branch","line":4,"loc":{"start":{"line":4,"column":7},"end":{"line":39,"column":1}},"locations":[{"start":{"line":4,"column":7},"end":{"line":39,"column":1}}]},"1":{"type":"branch","line":36,"loc":{"start":{"line":36,"column":7},"end":{"line":36,"column":28}},"locations":[{"start":{"line":36,"column":7},"end":{"line":36,"column":28}}]},"2":{"type":"branch","line":36,"loc":{"start":{"line":36,"column":28},"end":{"line":36,"column":39}},"locations":[{"start":{"line":36,"column":28},"end":{"line":36,"column":39}}]},"3":{"type":"branch","line":36,"loc":{"start":{"line":36,"column":35},"end":{"line":39,"column":1}},"locations":[{"start":{"line":36,"column":35},"end":{"line":39,"column":1}}]},"4":{"type":"branch","line":7,"loc":{"start":{"line":7,"column":12},"end":{"line":34,"column":5}},"locations":[{"start":{"line":7,"column":12},"end":{"line":34,"column":5}}]},"5":{"type":"branch","line":10,"loc":{"start":{"line":10,"column":16},"end":{"line":13,"column":5}},"locations":[{"start":{"line":10,"column":16},"end":{"line":13,"column":5}}]},"6":{"type":"branch","line":13,"loc":{"start":{"line":13,"column":4},"end":{"line":33,"column":5}},"locations":[{"start":{"line":13,"column":4},"end":{"line":33,"column":5}}]},"7":{"type":"branch","line":20,"loc":{"start":{"line":20,"column":12},"end":{"line":24,"column":7}},"locations":[{"start":{"line":20,"column":12},"end":{"line":24,"column":7}}]},"8":{"type":"branch","line":25,"loc":{"start":{"line":25,"column":13},"end":{"line":29,"column":7}},"locations":[{"start":{"line":25,"column":13},"end":{"line":29,"column":7}}]},"9":{"type":"branch","line":31,"loc":{"start":{"line":31,"column":11},"end":{"line":33,"column":5}},"locations":[{"start":{"line":31,"column":11},"end":{"line":33,"column":5}}]}},"b":{"0":[4],"1":[3],"2":[3],"3":[1],"4":[3],"5":[1],"6":[2],"7":[1],"8":[1],"9":[2]},"fnMap":{"0":{"name":"SessionQRCode","decl":{"start":{"line":4,"column":7},"end":{"line":39,"column":1}},"loc":{"start":{"line":4,"column":7},"end":{"line":39,"column":1}},"line":4}},"f":{"0":4}}
,"/home/edf/Documents/GitSynced/Hackaton/frontend/src/components/StatCard.jsx": {"path":"/home/edf/Documents/GitSynced/Hackaton/frontend/src/components/StatCard.jsx","all":false,"statementMap":{"0":{"start":{"line":1,"column":0},"end":{"line":1,"column":50}},"1":{"start":{"line":2,"column":0},"end":{"line":2,"column":10}},"2":{"start":{"line":3,"column":0},"end":{"line":3,"column":216}},"3":{"start":{"line":4,"column":0},"end":{"line":4,"column":125}},"4":{"start":{"line":5,"column":0},"end":{"line":5,"column":91}},"5":{"start":{"line":6,"column":0},"end":{"line":6,"column":99}},"6":{"start":{"line":7,"column":0},"end":{"line":7,"column":10}},"8":{"start":{"line":9,"column":0},"end":{"line":9,"column":1}}},"s":{"0":1,"1":2,"2":2,"3":2,"4":2,"5":2,"6":2,"8":2},"branchMap":{"0":{"type":"branch","line":1,"loc":{"start":{"line":1,"column":7},"end":{"line":9,"column":1}},"locations":[{"start":{"line":1,"column":7},"end":{"line":9,"column":1}}]},"1":{"type":"branch","line":6,"loc":{"start":{"line":6,"column":7},"end":{"line":6,"column":94}},"locations":[{"start":{"line":6,"column":7},"end":{"line":6,"column":94}}]},"2":{"type":"branch","line":6,"loc":{"start":{"line":6,"column":85},"end":{"line":6,"column":99}},"locations":[{"start":{"line":6,"column":85},"end":{"line":6,"column":99}}]}},"b":{"0":[2],"1":[1],"2":[1]},"fnMap":{"0":{"name":"StatCard","decl":{"start":{"line":1,"column":7},"end":{"line":9,"column":1}},"loc":{"start":{"line":1,"column":7},"end":{"line":9,"column":1}},"line":1}},"f":{"0":2}}
}
