TN:
SF:postcss.config.js
FN:1,(empty-report)
FNF:1
FNH:0
FNDA:0,(empty-report)
DA:1,0
DA:2,0
DA:3,0
DA:4,0
DA:5,0
DA:6,0
LF:6
LH:0
BRDA:1,0,0,0
BRF:1
BRH:0
end_of_record
TN:
SF:tailwind.config.js
FN:1,(empty-report)
FNF:1
FNH:0
FNDA:0,(empty-report)
DA:1,0
DA:2,0
DA:3,0
DA:4,0
DA:5,0
DA:6,0
DA:7,0
DA:8,0
DA:9,0
LF:9
LH:0
BRDA:1,0,0,0
BRF:1
BRH:0
end_of_record
TN:
SF:src/App.jsx
FN:66,loadSessionPreferences
FN:88,postJson
FN:103,apiRequest
FN:133,Icon
FN:163,App
FN:287,syncFullscreenState
FN:386,ensureTeacherNotificationPermission
FN:401,notifyTeacher
FN:416,submitAuth
FN:450,signOut
FN:461,refreshLibraryData
FN:491,openLibraryPanel
FN:496,useLibrarySession
FN:504,onUploadPresentation
FN:536,saveCurrentQuizToLibrary
FN:558,createSession
FN:584,connectWebSocket
FN:761,submitQuizAnswer
FN:768,generateQuizFromCurrentScreen
FN:781,explainCurrentScreen
FN:792,closeQuiz
FN:801,send
FN:806,startShare
FN:839,createPeerConnection
FN:870,createOfferForStudent
FN:877,handleSignal
FN:897,disconnect
FN:903,requestAnalytics
FN:907,openAwardsPanel
FN:914,startBreak
FN:918,adjustBreak
FN:922,cancelBreak
FN:926,downloadPdfReport
FN:949,endSessionAndDownloadReport
FN:967,toggleStageFullscreen
FN:982,copySessionCode
FN:992,copyJoinLink
FN:1002,downloadPresentation
FN:1034,generatePresentationNotesPng
FN:1114,onClick
FN:1121,onClick
FN:1133,onChange
FN:1141,onChange
FN:1148,onChange
FN:1186,onClick
FN:1195,onClick
FN:1224,onClick
FN:1315,onClick
FN:1325,onClick
FN:1373,onClick
FN:1396,onClick
FN:1408,onClick
FN:1418,onClick
FN:1443,onClick
FN:1456,onClick
FN:1574,onClick
FN:1577,onClick
FN:1583,onClick
FN:1595,onChange
FN:1606,onChange
FN:1616,onChange
FN:1721,onClick
FN:1724,onClick
FN:1730,onClick
FN:1740,onChange
FN:1753,onClick
FN:1756,onClick
FN:1762,onClick
FN:1822,onClick
FN:1825,onClick
FN:1831,onClick
FN:1973,onClick
FN:1976,onClick
FN:1982,onClick
FN:2018,onChange
FN:2028,onClick
FNF:76
FNH:13
FNDA:7,loadSessionPreferences
FNDA:2,postJson
FNDA:4,apiRequest
FNDA:62,Icon
FNDA:61,App
FNDA:0,syncFullscreenState
FNDA:0,ensureTeacherNotificationPermission
FNDA:0,notifyTeacher
FNDA:3,submitAuth
FNDA:1,signOut
FNDA:0,refreshLibraryData
FNDA:0,openLibraryPanel
FNDA:0,useLibrarySession
FNDA:0,onUploadPresentation
FNDA:0,saveCurrentQuizToLibrary
FNDA:0,createSession
FNDA:0,connectWebSocket
FNDA:0,submitQuizAnswer
FNDA:0,generateQuizFromCurrentScreen
FNDA:0,explainCurrentScreen
FNDA:0,closeQuiz
FNDA:0,send
FNDA:0,startShare
FNDA:0,createPeerConnection
FNDA:0,createOfferForStudent
FNDA:0,handleSignal
FNDA:1,disconnect
FNDA:0,requestAnalytics
FNDA:0,openAwardsPanel
FNDA:0,startBreak
FNDA:0,adjustBreak
FNDA:0,cancelBreak
FNDA:0,downloadPdfReport
FNDA:0,endSessionAndDownloadReport
FNDA:0,toggleStageFullscreen
FNDA:0,copySessionCode
FNDA:0,copyJoinLink
FNDA:0,downloadPresentation
FNDA:0,generatePresentationNotesPng
FNDA:1,onClick
FNDA:2,onClick
FNDA:3,onChange
FNDA:27,onChange
FNDA:11,onChange
FNDA:0,onClick
FNDA:0,onClick
FNDA:0,onClick
FNDA:0,onClick
FNDA:0,onClick
FNDA:0,onClick
FNDA:0,onClick
FNDA:0,onClick
FNDA:0,onClick
FNDA:0,onClick
FNDA:0,onClick
FNDA:0,onClick
FNDA:0,onClick
FNDA:0,onClick
FNDA:0,onChange
FNDA:0,onChange
FNDA:0,onChange
FNDA:0,onClick
FNDA:0,onClick
FNDA:0,onClick
FNDA:0,onChange
FNDA:0,onClick
FNDA:0,onClick
FNDA:0,onClick
FNDA:0,onClick
FNDA:0,onClick
FNDA:0,onClick
FNDA:0,onClick
FNDA:0,onClick
FNDA:0,onClick
FNDA:0,onChange
FNDA:0,onClick
DA:1,1
DA:31,1
DA:32,1
DA:33,1
DA:34,1
DA:35,1
DA:36,1
DA:37,1
DA:38,1
DA:39,1
DA:40,1
DA:41,1
DA:42,1
DA:43,1
DA:44,1
DA:45,1
DA:46,1
DA:47,1
DA:48,1
DA:49,1
DA:50,1
DA:51,1
DA:52,1
DA:53,1
DA:54,1
DA:55,1
DA:56,1
DA:57,1
DA:58,1
DA:59,1
DA:60,1
DA:61,1
DA:62,1
DA:63,1
DA:64,1
DA:66,1
DA:67,7
DA:68,0
DA:69,0
DA:71,7
DA:72,7
DA:73,7
DA:74,5
DA:75,5
DA:77,2
DA:78,7
DA:79,7
DA:80,7
DA:82,7
DA:83,7
DA:84,1
DA:85,1
DA:86,7
DA:88,2
DA:89,2
DA:90,2
DA:91,2
DA:92,2
DA:93,2
DA:95,2
DA:96,1
DA:97,1
DA:98,1
DA:100,1
DA:101,1
DA:103,4
DA:104,4
DA:105,4
DA:106,3
DA:107,3
DA:108,4
DA:109,1
DA:110,1
DA:112,4
DA:113,4
DA:114,4
DA:115,4
DA:116,4
DA:117,1
DA:118,3
DA:119,0
DA:120,4
DA:122,4
DA:123,1
DA:124,1
DA:125,1
DA:127,4
DA:128,1
DA:129,1
DA:130,2
DA:131,2
DA:133,1
DA:134,62
DA:135,62
DA:136,62
DA:137,62
DA:138,62
DA:139,62
DA:140,62
DA:141,62
DA:142,62
DA:143,62
DA:144,62
DA:145,62
DA:146,62
DA:147,62
DA:148,62
DA:149,62
DA:150,62
DA:151,62
DA:152,62
DA:153,62
DA:154,62
DA:155,62
DA:156,62
DA:157,62
DA:158,62
DA:160,61
DA:161,61
DA:163,61
DA:164,61
DA:166,61
DA:167,61
DA:168,61
DA:169,61
DA:170,61
DA:171,61
DA:172,61
DA:173,61
DA:174,61
DA:175,61
DA:176,5
DA:177,5
DA:178,5
DA:179,5
DA:180,0
DA:181,0
DA:182,61
DA:183,61
DA:184,61
DA:185,61
DA:186,61
DA:187,61
DA:188,61
DA:189,61
DA:190,61
DA:191,61
DA:192,61
DA:193,61
DA:194,61
DA:195,61
DA:196,61
DA:198,61
DA:199,61
DA:200,61
DA:201,61
DA:202,61
DA:203,61
DA:204,61
DA:205,61
DA:206,61
DA:207,61
DA:208,61
DA:209,61
DA:210,61
DA:211,61
DA:212,61
DA:213,61
DA:214,61
DA:215,61
DA:216,61
DA:217,61
DA:218,61
DA:219,61
DA:220,61
DA:221,61
DA:222,61
DA:224,61
DA:225,61
DA:226,61
DA:227,61
DA:228,61
DA:229,61
DA:230,61
DA:231,61
DA:232,61
DA:234,61
DA:235,61
DA:236,61
DA:237,61
DA:238,61
DA:239,5
DA:240,0
DA:242,0
DA:243,0
DA:244,0
DA:245,61
DA:247,61
DA:248,5
DA:249,5
DA:250,5
DA:251,0
DA:252,0
DA:253,5
DA:254,5
DA:255,5
DA:256,61
DA:258,61
DA:259,5
DA:260,0
DA:261,0
DA:263,5
DA:264,5
DA:265,61
DA:267,61
DA:268,5
DA:269,5
DA:270,0
DA:271,0
DA:272,61
DA:274,61
DA:275,5
DA:276,5
DA:278,5
DA:279,0
DA:280,0
DA:282,5
DA:283,5
DA:284,61
DA:286,61
DA:287,5
DA:288,0
DA:289,0
DA:290,0
DA:292,5
DA:293,5
DA:294,61
DA:296,61
DA:297,5
DA:299,0
DA:300,0
DA:301,0
DA:303,0
DA:304,61
DA:306,61
DA:307,5
DA:309,5
DA:310,5
DA:311,5
DA:313,0
DA:314,0
DA:315,61
DA:317,61
DA:318,7
DA:320,7
DA:321,7
DA:322,7
DA:323,7
DA:324,7
DA:325,7
DA:326,61
DA:328,61
DA:329,5
DA:331,5
DA:332,5
DA:333,0
DA:334,5
DA:335,5
DA:336,5
DA:337,5
DA:338,61
DA:340,61
DA:341,5
DA:342,5
DA:343,61
DA:345,61
DA:346,8
DA:348,8
DA:349,3
DA:350,8
DA:351,5
DA:352,5
DA:354,8
DA:355,3
DA:356,8
DA:357,5
DA:358,5
DA:359,61
DA:361,61
DA:362,5
DA:364,0
DA:365,0
DA:366,5
DA:367,5
DA:369,5
DA:370,5
DA:371,0
DA:372,5
DA:373,0
DA:374,0
DA:375,0
DA:376,0
DA:377,0
DA:378,0
DA:379,0
DA:381,0
DA:382,0
DA:383,0
DA:384,61
DA:386,61
DA:387,0
DA:388,0
DA:389,0
DA:390,0
DA:391,0
DA:393,0
DA:394,0
DA:395,0
DA:396,0
DA:398,0
DA:399,0
DA:401,61
DA:402,0
DA:403,0
DA:405,0
DA:406,0
DA:407,0
DA:408,0
DA:409,0
DA:410,0
DA:411,0
DA:413,0
DA:414,0
DA:416,61
DA:417,3
DA:418,3
DA:419,3
DA:420,3
DA:421,3
DA:422,3
DA:423,1
DA:424,1
DA:425,1
DA:426,1
DA:427,1
DA:428,1
DA:429,2
DA:430,2
DA:431,2
DA:432,2
DA:434,3
DA:435,3
DA:436,3
DA:437,3
DA:438,2
DA:439,2
DA:440,3
DA:441,3
DA:442,3
DA:443,3
DA:444,1
DA:445,3
DA:446,3
DA:447,3
DA:448,3
DA:450,61
DA:451,1
DA:452,1
DA:453,1
DA:454,1
DA:455,1
DA:456,1
DA:457,1
DA:458,1
DA:459,1
DA:461,61
DA:462,0
DA:463,0
DA:464,0
DA:465,0
DA:466,0
DA:467,0
DA:469,0
DA:470,0
DA:471,0
DA:472,0
DA:473,0
DA:475,0
DA:476,0
DA:477,0
DA:478,0
DA:479,0
DA:480,0
DA:481,0
DA:482,0
DA:483,0
DA:484,0
DA:485,0
DA:486,0
DA:487,0
DA:488,0
DA:489,0
DA:491,61
DA:492,0
DA:493,0
DA:494,0
DA:496,61
DA:497,0
DA:498,0
DA:499,0
DA:500,0
DA:501,0
DA:502,0
DA:504,61
DA:505,0
DA:506,0
DA:507,0
DA:508,0
DA:509,0
DA:510,0
DA:511,0
DA:512,0
DA:514,0
DA:515,0
DA:516,0
DA:517,0
DA:518,0
DA:519,0
DA:520,0
DA:521,0
DA:522,0
DA:523,0
DA:524,0
DA:525,0
DA:526,0
DA:527,0
DA:528,0
DA:529,0
DA:530,0
DA:531,0
DA:532,0
DA:533,0
DA:534,0
DA:536,61
DA:537,0
DA:538,0
DA:539,0
DA:540,0
DA:541,0
DA:542,0
DA:543,0
DA:544,0
DA:545,0
DA:546,0
DA:547,0
DA:548,0
DA:549,0
DA:550,0
DA:551,0
DA:552,0
DA:553,0
DA:554,0
DA:555,0
DA:556,0
DA:558,61
DA:559,0
DA:560,0
DA:561,0
DA:562,0
DA:563,0
DA:564,0
DA:565,0
DA:567,0
DA:568,0
DA:569,0
DA:570,0
DA:571,0
DA:572,0
DA:573,0
DA:574,0
DA:575,0
DA:576,0
DA:577,0
DA:578,0
DA:579,0
DA:580,0
DA:581,0
DA:582,0
DA:584,61
DA:585,0
DA:586,0
DA:588,0
DA:589,0
DA:591,0
DA:592,0
DA:593,0
DA:594,0
DA:595,0
DA:596,0
DA:597,0
DA:598,0
DA:600,0
DA:601,0
DA:603,0
DA:604,0
DA:606,0
DA:607,0
DA:608,0
DA:609,0
DA:611,0
DA:612,0
DA:613,0
DA:614,0
DA:615,0
DA:616,0
DA:617,0
DA:618,0
DA:619,0
DA:620,0
DA:622,0
DA:623,0
DA:624,0
DA:626,0
DA:627,0
DA:629,0
DA:630,0
DA:631,0
DA:632,0
DA:633,0
DA:634,0
DA:635,0
DA:636,0
DA:637,0
DA:638,0
DA:639,0
DA:640,0
DA:641,0
DA:642,0
DA:643,0
DA:644,0
DA:645,0
DA:646,0
DA:647,0
DA:648,0
DA:649,0
DA:651,0
DA:652,0
DA:653,0
DA:654,0
DA:655,0
DA:656,0
DA:657,0
DA:658,0
DA:659,0
DA:660,0
DA:661,0
DA:662,0
DA:663,0
DA:664,0
DA:665,0
DA:666,0
DA:667,0
DA:668,0
DA:669,0
DA:671,0
DA:672,0
DA:673,0
DA:675,0
DA:676,0
DA:677,0
DA:678,0
DA:680,0
DA:681,0
DA:682,0
DA:683,0
DA:685,0
DA:686,0
DA:687,0
DA:689,0
DA:690,0
DA:691,0
DA:692,0
DA:693,0
DA:694,0
DA:696,0
DA:697,0
DA:698,0
DA:700,0
DA:701,0
DA:702,0
DA:704,0
DA:705,0
DA:706,0
DA:708,0
DA:709,0
DA:710,0
DA:711,0
DA:712,0
DA:714,0
DA:715,0
DA:716,0
DA:717,0
DA:718,0
DA:720,0
DA:721,0
DA:722,0
DA:723,0
DA:724,0
DA:725,0
DA:727,0
DA:728,0
DA:729,0
DA:730,0
DA:731,0
DA:732,0
DA:733,0
DA:734,0
DA:735,0
DA:736,0
DA:737,0
DA:738,0
DA:739,0
DA:741,0
DA:742,0
DA:743,0
DA:744,0
DA:746,0
DA:747,0
DA:748,0
DA:749,0
DA:750,0
DA:751,0
DA:752,0
DA:753,0
DA:755,0
DA:756,0
DA:757,0
DA:758,0
DA:759,0
DA:761,61
DA:762,0
DA:763,0
DA:764,0
DA:765,0
DA:766,0
DA:768,61
DA:769,0
DA:770,0
DA:771,0
DA:772,0
DA:773,0
DA:774,0
DA:775,0
DA:776,0
DA:777,0
DA:778,0
DA:779,0
DA:781,61
DA:782,0
DA:784,0
DA:785,0
DA:786,0
DA:787,0
DA:788,0
DA:789,0
DA:790,0
DA:792,61
DA:793,0
DA:794,0
DA:795,0
DA:796,0
DA:797,0
DA:798,0
DA:799,0
DA:801,61
DA:802,0
DA:803,0
DA:804,0
DA:806,61
DA:807,0
DA:809,0
DA:810,0
DA:811,0
DA:812,0
DA:813,0
DA:814,0
DA:815,0
DA:816,0
DA:817,0
DA:818,0
DA:820,0
DA:821,0
DA:822,0
DA:823,0
DA:824,0
DA:826,0
DA:827,0
DA:828,0
DA:829,0
DA:830,0
DA:831,0
DA:832,0
DA:833,0
DA:834,0
DA:835,0
DA:836,0
DA:837,0
DA:839,61
DA:840,0
DA:841,0
DA:843,0
DA:844,0
DA:846,0
DA:847,0
DA:848,0
DA:849,0
DA:850,0
DA:851,0
DA:852,0
DA:853,0
DA:855,0
DA:856,0
DA:857,0
DA:858,0
DA:859,0
DA:861,0
DA:862,0
DA:863,0
DA:864,0
DA:865,0
DA:867,0
DA:868,0
DA:870,61
DA:871,0
DA:872,0
DA:873,0
DA:874,0
DA:875,0
DA:877,61
DA:878,0
DA:879,0
DA:881,0
DA:882,0
DA:883,0
DA:885,0
DA:886,0
DA:887,0
DA:888,0
DA:889,0
DA:890,0
DA:892,0
DA:893,0
DA:894,0
DA:895,0
DA:897,61
DA:898,1
DA:899,1
DA:900,1
DA:901,1
DA:903,61
DA:904,0
DA:905,0
DA:907,61
DA:908,0
DA:909,0
DA:910,0
DA:911,0
DA:912,0
DA:914,61
DA:915,0
DA:916,0
DA:918,61
DA:919,0
DA:920,0
DA:922,61
DA:923,0
DA:924,0
DA:926,61
DA:927,0
DA:928,0
DA:929,0
DA:931,0
DA:932,0
DA:933,0
DA:934,0
DA:936,0
DA:937,0
DA:938,0
DA:939,0
DA:940,0
DA:941,0
DA:942,0
DA:943,0
DA:944,0
DA:945,0
DA:946,0
DA:947,0
DA:949,61
DA:950,0
DA:951,0
DA:952,0
DA:954,0
DA:955,0
DA:956,0
DA:957,0
DA:958,0
DA:959,0
DA:960,0
DA:961,0
DA:962,0
DA:963,0
DA:964,0
DA:965,0
DA:967,61
DA:968,0
DA:969,0
DA:971,0
DA:972,0
DA:973,0
DA:974,0
DA:975,0
DA:976,0
DA:977,0
DA:978,0
DA:979,0
DA:980,0
DA:982,61
DA:983,0
DA:984,0
DA:985,0
DA:986,0
DA:987,0
DA:988,0
DA:989,0
DA:990,0
DA:992,61
DA:993,0
DA:994,0
DA:995,0
DA:996,0
DA:997,0
DA:998,0
DA:999,0
DA:1000,0
DA:1002,61
DA:1003,0
DA:1004,0
DA:1005,0
DA:1006,0
DA:1007,0
DA:1008,0
DA:1009,0
DA:1010,0
DA:1011,0
DA:1012,0
DA:1013,0
DA:1015,0
DA:1016,0
DA:1017,0
DA:1018,0
DA:1020,0
DA:1021,0
DA:1022,0
DA:1023,0
DA:1024,0
DA:1025,0
DA:1026,0
DA:1027,0
DA:1028,0
DA:1029,0
DA:1030,0
DA:1031,0
DA:1032,0
DA:1034,61
DA:1035,0
DA:1036,0
DA:1037,0
DA:1038,0
DA:1039,0
DA:1040,0
DA:1041,0
DA:1043,0
DA:1044,0
DA:1045,0
DA:1046,0
DA:1047,0
DA:1048,0
DA:1050,0
DA:1051,0
DA:1052,0
DA:1053,0
DA:1055,0
DA:1056,0
DA:1057,0
DA:1058,0
DA:1059,0
DA:1060,0
DA:1061,0
DA:1062,0
DA:1063,0
DA:1064,0
DA:1065,0
DA:1066,0
DA:1067,0
DA:1068,0
DA:1069,0
DA:1070,0
DA:1071,0
DA:1072,0
DA:1073,0
DA:1074,0
DA:1075,0
DA:1077,61
DA:1078,61
DA:1079,61
DA:1080,61
DA:1081,61
DA:1082,61
DA:1083,61
DA:1084,61
DA:1085,61
DA:1086,61
DA:1087,61
DA:1088,61
DA:1089,61
DA:1090,61
DA:1091,61
DA:1092,61
DA:1093,61
DA:1094,61
DA:1095,61
DA:1096,61
DA:1097,61
DA:1098,61
DA:1099,61
DA:1100,61
DA:1101,61
DA:1103,61
DA:1104,58
DA:1105,58
DA:1106,58
DA:1107,58
DA:1108,58
DA:1109,58
DA:1111,58
DA:1112,58
DA:1113,58
DA:1114,58
DA:1115,58
DA:1116,58
DA:1118,58
DA:1119,58
DA:1120,58
DA:1121,58
DA:1122,58
DA:1123,58
DA:1125,58
DA:1126,58
DA:1128,58
DA:1129,58
DA:1130,20
DA:1131,20
DA:1132,20
DA:1133,20
DA:1134,20
DA:1135,20
DA:1136,20
DA:1137,20
DA:1138,38
DA:1139,58
DA:1140,58
DA:1141,58
DA:1142,58
DA:1143,58
DA:1144,58
DA:1145,58
DA:1146,58
DA:1147,58
DA:1148,58
DA:1149,58
DA:1150,58
DA:1151,58
DA:1152,58
DA:1153,58
DA:1154,58
DA:1155,58
DA:1156,58
DA:1157,58
DA:1159,58
DA:1160,58
DA:1161,58
DA:1163,58
DA:1164,58
DA:1165,58
DA:1167,58
DA:1168,3
DA:1169,0
DA:1170,3
DA:1172,61
DA:1173,61
DA:1174,61
DA:1175,61
DA:1176,61
DA:1177,61
DA:1178,61
DA:1179,61
DA:1180,61
DA:1181,61
DA:1182,61
DA:1183,61
DA:1184,61
DA:1185,61
DA:1186,61
DA:1187,61
DA:1188,61
DA:1189,61
DA:1191,61
DA:1192,61
DA:1193,61
DA:1194,61
DA:1195,61
DA:1196,61
DA:1197,61
DA:1198,61
DA:1200,61
DA:1201,61
DA:1202,61
DA:1203,0
DA:1204,0
DA:1205,0
DA:1206,0
DA:1207,0
DA:1208,0
DA:1210,0
DA:1211,0
DA:1212,3
DA:1213,61
DA:1214,61
DA:1215,61
DA:1216,61
DA:1217,61
DA:1218,61
DA:1220,61
DA:1221,61
DA:1222,61
DA:1223,61
DA:1224,61
DA:1225,61
DA:1226,61
DA:1227,61
DA:1229,61
DA:1230,61
DA:1231,61
DA:1232,61
DA:1233,61
DA:1234,61
DA:1235,61
DA:1236,61
DA:1238,61
DA:1239,61
DA:1240,61
DA:1241,61
DA:1243,61
DA:1245,61
DA:1246,61
DA:1247,61
DA:1248,61
DA:1249,61
DA:1250,0
DA:1251,3
DA:1252,61
DA:1254,61
DA:1255,61
DA:1256,61
DA:1257,61
DA:1258,61
DA:1259,61
DA:1260,61
DA:1261,61
DA:1262,61
DA:1264,61
DA:1265,61
DA:1266,9
DA:1267,9
DA:1268,9
DA:1269,9
DA:1271,9
DA:1272,9
DA:1273,9
DA:1274,9
DA:1275,9
DA:1276,61
DA:1277,61
DA:1279,61
DA:1280,61
DA:1281,0
DA:1283,3
DA:1286,61
DA:1287,3
DA:1288,3
DA:1290,3
DA:1291,3
DA:1292,0
DA:1294,61
DA:1295,0
DA:1296,0
DA:1298,0
DA:1299,0
DA:1300,0
DA:1301,0
DA:1302,0
DA:1303,0
DA:1304,0
DA:1305,0
DA:1306,0
DA:1307,3
DA:1309,61
DA:1310,0
DA:1311,0
DA:1312,0
DA:1313,0
DA:1314,0
DA:1315,0
DA:1316,0
DA:1317,0
DA:1318,0
DA:1320,0
DA:1321,0
DA:1322,0
DA:1323,0
DA:1324,0
DA:1325,0
DA:1326,0
DA:1327,0
DA:1328,0
DA:1330,0
DA:1331,0
DA:1332,0
DA:1333,0
DA:1334,0
DA:1335,0
DA:1336,0
DA:1337,0
DA:1338,0
DA:1340,0
DA:1341,0
DA:1342,0
DA:1343,0
DA:1344,0
DA:1345,0
DA:1346,0
DA:1347,0
DA:1348,0
DA:1350,0
DA:1351,0
DA:1352,0
DA:1353,0
DA:1354,3
DA:1356,61
DA:1357,61
DA:1358,61
DA:1359,0
DA:1360,0
DA:1361,0
DA:1362,0
DA:1363,0
DA:1364,0
DA:1365,0
DA:1366,0
DA:1368,0
DA:1369,0
DA:1370,0
DA:1371,0
DA:1372,0
DA:1373,0
DA:1374,0
DA:1375,0
DA:1376,0
DA:1377,0
DA:1378,0
DA:1379,0
DA:1381,0
DA:1382,0
DA:1383,0
DA:1384,0
DA:1385,0
DA:1386,0
DA:1387,0
DA:1388,0
DA:1389,0
DA:1391,0
DA:1392,0
DA:1393,0
DA:1394,0
DA:1395,0
DA:1396,0
DA:1397,0
DA:1398,0
DA:1399,0
DA:1401,0
DA:1402,0
DA:1403,0
DA:1404,0
DA:1405,0
DA:1406,0
DA:1407,0
DA:1408,0
DA:1409,0
DA:1410,0
DA:1411,0
DA:1412,0
DA:1414,0
DA:1415,0
DA:1416,0
DA:1417,0
DA:1418,0
DA:1419,0
DA:1420,0
DA:1421,0
DA:1422,0
DA:1424,0
DA:1425,0
DA:1426,0
DA:1427,0
DA:1428,0
DA:1429,0
DA:1430,0
DA:1431,0
DA:1432,0
DA:1434,0
DA:1435,0
DA:1436,0
DA:1437,0
DA:1439,3
DA:1440,3
DA:1441,3
DA:1442,3
DA:1443,3
DA:1444,0
DA:1445,0
DA:1446,0
DA:1447,3
DA:1448,3
DA:1449,3
DA:1451,3
DA:1452,3
DA:1453,3
DA:1454,3
DA:1455,3
DA:1456,3
DA:1457,3
DA:1458,3
DA:1459,3
DA:1461,3
DA:1462,3
DA:1463,3
DA:1464,3
DA:1465,3
DA:1466,3
DA:1467,3
DA:1468,3
DA:1469,3
DA:1471,3
DA:1472,3
DA:1473,3
DA:1474,3
DA:1475,3
DA:1476,3
DA:1477,3
DA:1478,3
DA:1479,3
DA:1481,3
DA:1482,3
DA:1483,3
DA:1485,61
DA:1486,61
DA:1487,61
DA:1488,61
DA:1490,61
DA:1491,61
DA:1492,61
DA:1493,61
DA:1495,61
DA:1496,61
DA:1497,61
DA:1498,61
DA:1499,61
DA:1500,61
DA:1501,61
DA:1502,61
DA:1503,61
DA:1504,61
DA:1506,61
DA:1507,61
DA:1508,61
DA:1509,61
DA:1510,61
DA:1511,61
DA:1512,61
DA:1514,61
DA:1515,61
DA:1516,61
DA:1517,61
DA:1519,61
DA:1520,61
DA:1521,9
DA:1522,9
DA:1523,9
DA:1524,9
DA:1525,9
DA:1526,9
DA:1527,9
DA:1528,9
DA:1529,61
DA:1530,61
DA:1532,61
DA:1533,3
DA:1534,3
DA:1535,3
DA:1536,3
DA:1537,0
DA:1538,0
DA:1539,0
DA:1540,0
DA:1541,0
DA:1542,0
DA:1543,3
DA:1544,3
DA:1545,3
DA:1546,0
DA:1547,3
DA:1548,0
DA:1550,61
DA:1551,0
DA:1552,0
DA:1553,0
DA:1554,0
DA:1555,0
DA:1556,0
DA:1557,3
DA:1559,61
DA:1560,61
DA:1561,61
DA:1562,61
DA:1563,61
DA:1565,61
DA:1566,0
DA:1567,0
DA:1568,0
DA:1569,3
DA:1570,61
DA:1571,61
DA:1573,61
DA:1574,3
DA:1575,3
DA:1576,3
DA:1577,3
DA:1579,3
DA:1580,3
DA:1581,3
DA:1582,3
DA:1583,3
DA:1584,3
DA:1585,3
DA:1586,3
DA:1588,3
DA:1589,3
DA:1590,3
DA:1592,3
DA:1593,3
DA:1594,3
DA:1595,3
DA:1596,3
DA:1597,3
DA:1599,3
DA:1600,3
DA:1601,3
DA:1603,3
DA:1604,3
DA:1605,3
DA:1606,3
DA:1607,3
DA:1608,3
DA:1609,3
DA:1610,3
DA:1612,3
DA:1613,3
DA:1614,3
DA:1615,3
DA:1616,3
DA:1617,3
DA:1618,3
DA:1619,3
DA:1620,3
DA:1621,3
DA:1622,3
DA:1623,3
DA:1624,3
DA:1625,3
DA:1626,3
DA:1627,3
DA:1629,3
DA:1630,3
DA:1631,3
DA:1633,3
DA:1634,3
DA:1635,3
DA:1636,3
DA:1637,3
DA:1638,3
DA:1639,3
DA:1640,3
DA:1641,3
DA:1642,3
DA:1643,3
DA:1644,3
DA:1645,3
DA:1646,3
DA:1647,3
DA:1649,3
DA:1650,3
DA:1651,3
DA:1653,3
DA:1654,0
DA:1655,0
DA:1656,0
DA:1657,0
DA:1658,0
DA:1659,0
DA:1660,0
DA:1661,3
DA:1663,3
DA:1664,3
DA:1665,3
DA:1666,0
DA:1667,0
DA:1668,0
DA:1669,0
DA:1670,0
DA:1672,0
DA:1674,3
DA:1675,3
DA:1676,3
DA:1677,3
DA:1678,3
DA:1680,3
DA:1682,3
DA:1684,0
DA:1685,0
DA:1686,0
DA:1687,0
DA:1688,0
DA:1689,0
DA:1690,0
DA:1692,0
DA:1693,0
DA:1694,0
DA:1695,0
DA:1696,0
DA:1697,0
DA:1698,0
DA:1699,0
DA:1701,0
DA:1702,0
DA:1705,3
DA:1706,3
DA:1707,3
DA:1708,3
DA:1709,3
DA:1711,3
DA:1712,0
DA:1713,0
DA:1714,0
DA:1715,3
DA:1716,3
DA:1717,3
DA:1718,0
DA:1720,61
DA:1721,0
DA:1722,0
DA:1723,0
DA:1724,0
DA:1726,0
DA:1727,0
DA:1728,0
DA:1729,0
DA:1730,0
DA:1731,0
DA:1732,0
DA:1733,0
DA:1735,0
DA:1736,0
DA:1737,0
DA:1738,0
DA:1739,0
DA:1740,0
DA:1741,0
DA:1742,0
DA:1743,0
DA:1744,0
DA:1745,0
DA:1746,0
DA:1747,0
DA:1748,0
DA:1749,0
DA:1750,3
DA:1752,61
DA:1753,0
DA:1754,0
DA:1755,0
DA:1756,0
DA:1758,0
DA:1759,0
DA:1760,0
DA:1761,0
DA:1762,0
DA:1763,0
DA:1764,0
DA:1765,0
DA:1767,0
DA:1768,0
DA:1769,0
DA:1771,0
DA:1772,0
DA:1773,0
DA:1774,0
DA:1775,0
DA:1777,0
DA:1778,0
DA:1779,0
DA:1780,0
DA:1781,0
DA:1782,0
DA:1783,0
DA:1785,0
DA:1786,0
DA:1787,0
DA:1788,0
DA:1789,0
DA:1790,0
DA:1792,0
DA:1793,0
DA:1794,0
DA:1795,0
DA:1796,0
DA:1797,0
DA:1798,0
DA:1800,0
DA:1802,0
DA:1804,0
DA:1806,0
DA:1807,0
DA:1808,0
DA:1809,0
DA:1810,0
DA:1811,0
DA:1812,0
DA:1813,0
DA:1814,0
DA:1815,0
DA:1816,0
DA:1817,0
DA:1818,0
DA:1819,3
DA:1821,61
DA:1822,0
DA:1823,0
DA:1824,0
DA:1825,0
DA:1827,0
DA:1828,0
DA:1829,0
DA:1830,0
DA:1831,0
DA:1832,0
DA:1833,0
DA:1834,0
DA:1836,0
DA:1837,0
DA:1838,0
DA:1840,0
DA:1841,0
DA:1842,0
DA:1843,0
DA:1844,0
DA:1845,0
DA:1846,0
DA:1847,0
DA:1849,0
DA:1850,0
DA:1851,0
DA:1852,0
DA:1853,0
DA:1854,0
DA:1855,0
DA:1856,0
DA:1857,0
DA:1859,0
DA:1860,0
DA:1862,0
DA:1863,0
DA:1864,0
DA:1866,0
DA:1867,0
DA:1868,0
DA:1869,0
DA:1870,0
DA:1871,0
DA:1872,0
DA:1873,0
DA:1874,0
DA:1876,0
DA:1877,0
DA:1878,0
DA:1879,0
DA:1880,0
DA:1882,0
DA:1884,0
DA:1885,0
DA:1887,0
DA:1888,0
DA:1889,0
DA:1890,0
DA:1891,0
DA:1892,0
DA:1893,0
DA:1894,0
DA:1895,0
DA:1896,0
DA:1897,0
DA:1898,0
DA:1899,0
DA:1900,0
DA:1901,0
DA:1903,0
DA:1905,0
DA:1906,0
DA:1907,0
DA:1908,0
DA:1909,0
DA:1910,0
DA:1911,0
DA:1912,0
DA:1913,0
DA:1914,0
DA:1915,0
DA:1916,0
DA:1917,0
DA:1919,0
DA:1920,0
DA:1921,0
DA:1922,0
DA:1923,0
DA:1924,0
DA:1925,0
DA:1927,0
DA:1928,0
DA:1929,0
DA:1930,0
DA:1932,0
DA:1934,0
DA:1935,0
DA:1937,0
DA:1938,0
DA:1939,0
DA:1940,0
DA:1941,0
DA:1942,0
DA:1943,0
DA:1944,0
DA:1946,0
DA:1947,0
DA:1949,0
DA:1950,0
DA:1951,0
DA:1952,0
DA:1953,0
DA:1954,0
DA:1955,0
DA:1956,0
DA:1957,0
DA:1958,0
DA:1959,0
DA:1960,0
DA:1961,0
DA:1962,0
DA:1964,0
DA:1966,0
DA:1967,0
DA:1968,0
DA:1969,0
DA:1970,3
DA:1972,61
DA:1973,0
DA:1974,0
DA:1975,0
DA:1976,0
DA:1978,0
DA:1979,0
DA:1980,0
DA:1981,0
DA:1982,0
DA:1983,0
DA:1984,0
DA:1985,0
DA:1987,0
DA:1988,0
DA:1989,0
DA:1991,0
DA:1993,0
DA:1994,0
DA:1995,0
DA:1996,0
DA:1997,0
DA:1999,0
DA:2000,0
DA:2001,0
DA:2002,0
DA:2003,0
DA:2004,0
DA:2005,0
DA:2006,0
DA:2007,0
DA:2008,0
DA:2009,0
DA:2010,0
DA:2011,0
DA:2012,0
DA:2013,0
DA:2015,0
DA:2016,0
DA:2017,0
DA:2018,0
DA:2019,0
DA:2020,0
DA:2021,0
DA:2022,0
DA:2023,0
DA:2025,0
DA:2026,0
DA:2027,0
DA:2028,0
DA:2029,0
DA:2030,0
DA:2032,0
DA:2033,0
DA:2034,0
DA:2035,0
DA:2036,0
DA:2037,0
DA:2039,0
DA:2040,0
DA:2041,0
DA:2042,0
DA:2043,0
DA:2044,3
DA:2045,61
DA:2046,61
DA:2048,61
DA:2050,1
LF:1760
LH:734
BRDA:66,0,0,7
BRDA:67,1,0,0
BRDA:73,2,0,5
BRDA:75,3,0,2
BRDA:78,4,0,1
BRDA:78,5,0,1
BRDA:78,6,0,0
BRDA:79,7,0,1
BRDA:79,8,0,1
BRDA:79,9,0,0
BRDA:80,10,0,1
BRDA:80,11,0,1
BRDA:80,12,0,0
BRDA:83,13,0,1
BRDA:88,14,0,2
BRDA:95,15,0,1
BRDA:97,16,0,0
BRDA:103,17,0,4
BRDA:105,18,0,3
BRDA:108,19,0,1
BRDA:116,20,0,1
BRDA:117,21,0,3
BRDA:118,22,0,0
BRDA:122,23,0,1
BRDA:124,24,0,0
BRDA:125,25,0,3
BRDA:127,26,0,1
BRDA:129,27,0,2
BRDA:133,28,0,62
BRDA:158,29,0,61
BRDA:158,30,0,1
BRDA:163,31,0,61
BRDA:237,32,0,0
BRDA:1077,33,0,0
BRDA:1077,34,0,0
BRDA:1080,35,0,0
BRDA:1080,36,0,0
BRDA:1086,37,0,0
BRDA:1091,38,0,0
BRDA:1091,39,0,0
BRDA:1092,40,0,0
BRDA:1093,41,0,0
BRDA:1099,42,0,0
BRDA:1100,43,0,0
BRDA:1103,44,0,3
BRDA:1103,45,0,58
BRDA:1115,46,0,38
BRDA:1115,47,0,20
BRDA:1122,48,0,20
BRDA:1122,49,0,38
BRDA:1129,50,0,20
BRDA:1137,51,0,38
BRDA:1159,52,0,3
BRDA:1159,53,0,55
BRDA:1159,54,0,19
BRDA:1159,55,0,36
BRDA:1163,56,0,1
BRDA:1163,57,0,57
BRDA:1167,58,0,3
BRDA:1168,59,0,0
BRDA:1169,60,0,3
BRDA:1202,61,0,0
BRDA:1211,62,0,3
BRDA:1229,63,0,0
BRDA:1229,64,0,3
BRDA:1249,65,0,0
BRDA:1250,66,0,3
BRDA:1259,67,0,3
BRDA:1280,68,0,0
BRDA:1281,69,0,3
BRDA:1286,70,0,3
BRDA:1291,71,0,0
BRDA:1294,72,0,0
BRDA:1306,73,0,3
BRDA:1309,74,0,0
BRDA:1309,75,0,0
BRDA:1353,76,0,3
BRDA:1358,77,0,0
BRDA:1437,78,0,3
BRDA:1465,79,0,0
BRDA:1478,80,0,0
BRDA:1479,81,0,0
BRDA:1481,82,0,0
BRDA:1492,83,0,0
BRDA:1492,84,0,3
BRDA:1497,85,0,3
BRDA:1498,86,0,0
BRDA:1498,87,0,3
BRDA:1532,88,0,3
BRDA:1535,89,0,0
BRDA:1536,90,0,0
BRDA:1545,91,0,0
BRDA:1547,92,0,0
BRDA:1550,93,0,0
BRDA:1550,94,0,0
BRDA:1556,95,0,3
BRDA:1562,96,0,3
BRDA:1565,97,0,0
BRDA:1568,98,0,3
BRDA:1573,99,0,3
BRDA:1608,100,0,0
BRDA:1618,101,0,0
BRDA:1653,102,0,0
BRDA:1653,103,0,0
BRDA:1665,104,0,0
BRDA:1682,105,0,0
BRDA:1711,106,0,0
BRDA:1717,107,0,0
BRDA:1720,108,0,0
BRDA:1749,109,0,3
BRDA:1752,110,0,0
BRDA:1818,111,0,3
BRDA:1821,112,0,0
BRDA:1969,113,0,3
BRDA:1972,114,0,0
BRDA:1972,115,0,0
BRDA:2043,116,0,3
BRDA:164,117,0,5
BRDA:174,118,0,5
BRDA:174,119,0,4
BRDA:175,120,0,5
BRDA:178,121,0,1
BRDA:178,122,0,4
BRDA:179,123,0,0
BRDA:238,124,0,5
BRDA:239,125,0,0
BRDA:247,126,0,5
BRDA:248,127,0,5
BRDA:249,128,0,0
BRDA:250,129,0,0
BRDA:254,130,0,0
BRDA:258,131,0,5
BRDA:259,132,0,0
BRDA:259,133,0,0
BRDA:267,134,0,5
BRDA:269,135,0,0
BRDA:274,136,0,5
BRDA:278,137,0,0
BRDA:286,138,0,5
BRDA:293,139,0,5
BRDA:296,140,0,5
BRDA:297,141,0,0
BRDA:306,142,0,5
BRDA:307,143,0,0
BRDA:311,144,0,0
BRDA:317,145,0,7
BRDA:318,146,0,0
BRDA:328,147,0,5
BRDA:329,148,0,0
BRDA:332,149,0,0
BRDA:340,150,0,5
BRDA:345,151,0,8
BRDA:346,152,0,0
BRDA:348,153,0,3
BRDA:350,154,0,5
BRDA:354,155,0,3
BRDA:356,156,0,5
BRDA:361,157,0,5
BRDA:362,158,0,0
BRDA:362,159,0,0
BRDA:366,160,0,0
BRDA:370,161,0,0
BRDA:372,162,0,0
BRDA:416,163,0,3
BRDA:420,164,0,1
BRDA:420,165,0,2
BRDA:422,166,0,1
BRDA:428,167,0,2
BRDA:437,168,0,2
BRDA:440,169,0,0
BRDA:443,170,0,1
BRDA:450,171,0,1
BRDA:897,172,0,1
BRDA:898,173,0,0
BRDA:1114,174,0,1
BRDA:1121,175,0,2
BRDA:1133,176,0,3
BRDA:1141,177,0,27
BRDA:1148,178,0,11
BRDA:1265,179,0,9
BRDA:1520,180,0,9
BRF:181
BRH:103
end_of_record
TN:
SF:src/config.js
FN:4,inferApiBase
FN:29,inferWsBase
FNF:2
FNH:2
FNDA:4,inferApiBase
FNDA:4,inferWsBase
DA:1,1
DA:2,1
DA:4,4
DA:5,4
DA:7,3
DA:8,3
DA:9,3
DA:10,3
DA:12,0
DA:13,0
DA:14,0
DA:16,0
DA:18,0
DA:19,4
DA:20,0
DA:21,0
DA:23,0
DA:24,0
DA:25,0
DA:27,1
DA:29,4
DA:30,4
DA:31,4
DA:32,4
DA:33,4
DA:35,1
DA:36,1
DA:37,1
DA:38,1
LF:29
LH:19
BRDA:1,0,0,3
BRDA:4,1,0,4
BRDA:5,2,0,3
BRDA:5,3,0,1
BRDA:10,4,0,0
BRDA:19,5,0,0
BRDA:29,6,0,4
BRDA:30,7,0,3
BRDA:30,8,0,1
BRDA:31,9,0,0
BRDA:31,10,0,3
BRDA:32,11,0,0
BRDA:32,12,0,3
BRF:13
BRH:9
end_of_record
TN:
SF:src/main.jsx
FN:1,(empty-report)
FNF:1
FNH:0
FNDA:0,(empty-report)
DA:1,0
DA:2,0
DA:3,0
DA:4,0
DA:6,0
DA:7,0
DA:8,0
DA:9,0
DA:10,0
LF:9
LH:0
BRDA:1,0,0,0
BRF:1
BRH:0
end_of_record
TN:
SF:src/components/CountdownBanner.jsx
FN:3,remainingSeconds
FN:8,CountdownBanner
FNF:2
FNH:2
FNDA:10,remainingSeconds
FNDA:5,CountdownBanner
DA:1,1
DA:3,10
DA:4,10
DA:5,2
DA:6,2
DA:8,1
DA:9,5
DA:11,5
DA:12,5
DA:13,5
DA:15,1
DA:16,0
DA:17,1
DA:19,1
DA:20,5
DA:22,5
DA:24,1
DA:25,1
DA:26,1
DA:27,1
DA:28,1
DA:29,1
DA:31,1
DA:32,1
DA:33,1
DA:34,1
DA:35,1
DA:36,1
DA:37,1
DA:38,1
DA:40,1
LF:31
LH:30
BRDA:3,0,0,10
BRDA:4,1,0,8
BRDA:4,2,0,2
BRDA:8,3,0,5
BRDA:22,4,0,1
BRDA:22,5,0,4
BRDA:22,6,0,1
BRDA:11,7,0,5
BRDA:13,8,0,4
BRDA:13,9,0,1
BRDA:19,10,0,1
BRF:11
BRH:11
end_of_record
TN:
SF:src/components/QuizOverlay.jsx
FN:1,QuizOverlay
FN:22,onClick
FNF:2
FNH:2
FNDA:3,QuizOverlay
FNDA:1,onClick
DA:1,1
DA:2,3
DA:4,3
DA:6,3
DA:7,3
DA:8,3
DA:9,3
DA:10,3
DA:12,3
DA:13,3
DA:14,3
DA:15,3
DA:16,3
DA:17,3
DA:18,8
DA:19,8
DA:20,8
DA:21,8
DA:22,8
DA:23,8
DA:24,8
DA:25,1
DA:26,7
DA:27,8
DA:29,8
DA:30,8
DA:31,8
DA:32,3
DA:33,3
DA:34,3
DA:35,1
DA:37,1
DA:38,1
DA:39,3
DA:40,1
DA:41,1
DA:42,3
DA:44,3
LF:38
LH:38
BRDA:1,0,0,3
BRDA:2,1,0,1
BRDA:2,2,0,2
BRDA:4,3,0,1
BRDA:9,4,0,0
BRDA:9,5,0,2
BRDA:13,6,0,0
BRDA:13,7,0,2
BRDA:34,8,0,1
BRDA:37,9,0,1
BRDA:39,10,0,1
BRDA:40,11,0,1
BRDA:17,12,0,8
BRDA:24,13,0,1
BRDA:25,14,0,7
BRDA:27,15,0,0
BRDA:29,16,0,0
BRDA:22,17,0,1
BRF:18
BRH:14
end_of_record
TN:
SF:src/components/SessionQRCode.jsx
FN:4,SessionQRCode
FNF:1
FNH:1
FNDA:4,SessionQRCode
DA:1,1
DA:4,1
DA:5,4
DA:7,4
DA:8,3
DA:10,3
DA:11,1
DA:12,1
DA:13,1
DA:15,2
DA:16,2
DA:17,2
DA:18,2
DA:19,2
DA:20,2
DA:21,1
DA:22,1
DA:23,1
DA:24,2
DA:25,2
DA:26,1
DA:27,1
DA:28,1
DA:29,2
DA:31,2
DA:32,2
DA:33,2
DA:34,4
DA:36,4
DA:38,1
DA:39,1
LF:31
LH:31
BRDA:4,0,0,4
BRDA:36,1,0,3
BRDA:36,2,0,3
BRDA:36,3,0,1
BRDA:7,4,0,3
BRDA:10,5,0,1
BRDA:13,6,0,2
BRDA:20,7,0,1
BRDA:25,8,0,1
BRDA:31,9,0,2
BRF:10
BRH:10
end_of_record
TN:
SF:src/components/StatCard.jsx
FN:1,StatCard
FNF:1
FNH:1
FNDA:2,StatCard
DA:1,1
DA:2,2
DA:3,2
DA:4,2
DA:5,2
DA:6,2
DA:7,2
DA:9,2
LF:8
LH:8
BRDA:1,0,0,2
BRDA:6,1,0,1
BRDA:6,2,0,1
BRF:3
BRH:3
end_of_record
