<?xml version="1.0" encoding="UTF-8" ?>
<testsuites name="vitest tests" tests="23" failures="0" errors="0" time="13.426">
    <testsuite name="src/App.helpers.test.jsx" timestamp="2026-03-21T08:49:32.849Z" hostname="MyPrecious" tests="6" failures="0" errors="0" skipped="0" time="0.1664603">
        <testcase classname="src/App.helpers.test.jsx" name="App helper functions &gt; loads role and name from localStorage without restoring session code" time="0.00554">
        </testcase>
        <testcase classname="src/App.helpers.test.jsx" name="App helper functions &gt; falls back to defaults on malformed preferences" time="0.0009847">
        </testcase>
        <testcase classname="src/App.helpers.test.jsx" name="App helper functions &gt; postJson sends JSON body and returns parsed result" time="0.0116925">
        </testcase>
        <testcase classname="src/App.helpers.test.jsx" name="App helper functions &gt; postJson throws on non-ok responses" time="0.0044231">
        </testcase>
        <testcase classname="src/App.helpers.test.jsx" name="App helper functions &gt; apiRequest supports auth, form data and 204 responses" time="0.0037485">
        </testcase>
        <testcase classname="src/App.helpers.test.jsx" name="App helper functions &gt; renders known icon and ignores unknown one" time="0.1361736">
        </testcase>
    </testsuite>
    <testsuite name="src/App.test.jsx" timestamp="2026-03-21T08:49:32.859Z" hostname="MyPrecious" tests="5" failures="0" errors="0" skipped="0" time="2.9978109">
        <testcase classname="src/App.test.jsx" name="App Massive Coverage &gt; renders auth and toggles" time="0.9458628">
        </testcase>
        <testcase classname="src/App.test.jsx" name="App Massive Coverage &gt; login fail" time="0.756995">
        </testcase>
        <testcase classname="src/App.test.jsx" name="App Massive Coverage &gt; login success" time="0.4864324">
        </testcase>
        <testcase classname="src/App.test.jsx" name="App Massive Coverage &gt; register success" time="0.665428">
        </testcase>
        <testcase classname="src/App.test.jsx" name="App Massive Coverage &gt; logs out and clears localStorage" time="0.1394489">
        </testcase>
    </testsuite>
    <testsuite name="src/config.test.js" timestamp="2026-03-21T08:49:32.863Z" hostname="MyPrecious" tests="2" failures="0" errors="0" skipped="0" time="0.2946796">
        <testcase classname="src/config.test.js" name="config &gt; exposes apiBase and wsBase strings" time="0.2795959">
        </testcase>
        <testcase classname="src/config.test.js" name="config &gt; uses explicit API base when VITE_API_BASE is provided" time="0.009023">
        </testcase>
    </testsuite>
    <testsuite name="src/components/CountdownBanner.test.jsx" timestamp="2026-03-21T08:49:32.865Z" hostname="MyPrecious" tests="2" failures="0" errors="0" skipped="0" time="0.2021392">
        <testcase classname="src/components/CountdownBanner.test.jsx" name="CountdownBanner &gt; renders nothing when break is inactive" time="0.0445512">
        </testcase>
        <testcase classname="src/components/CountdownBanner.test.jsx" name="CountdownBanner &gt; shows countdown and return time for active break" time="0.1537229">
        </testcase>
    </testsuite>
    <testsuite name="src/components/QuizOverlay.test.jsx" timestamp="2026-03-21T08:49:32.866Z" hostname="MyPrecious" tests="3" failures="0" errors="0" skipped="0" time="0.7399955">
        <testcase classname="src/components/QuizOverlay.test.jsx" name="QuizOverlay &gt; returns null when quiz is missing" time="0.0446892">
        </testcase>
        <testcase classname="src/components/QuizOverlay.test.jsx" name="QuizOverlay &gt; calls onAnswer when clicking an option" time="0.6018514">
        </testcase>
        <testcase classname="src/components/QuizOverlay.test.jsx" name="QuizOverlay &gt; locks answers when readonly or already selected" time="0.0893021">
        </testcase>
    </testsuite>
    <testsuite name="src/components/SessionQRCode.test.jsx" timestamp="2026-03-21T08:49:32.868Z" hostname="MyPrecious" tests="3" failures="0" errors="0" skipped="0" time="0.3333086">
        <testcase classname="src/components/SessionQRCode.test.jsx" name="SessionQRCode &gt; renders nothing without value" time="0.0702343">
        </testcase>
        <testcase classname="src/components/SessionQRCode.test.jsx" name="SessionQRCode &gt; renders generated qr image on success" time="0.2130664">
        </testcase>
        <testcase classname="src/components/SessionQRCode.test.jsx" name="SessionQRCode &gt; stays hidden when generation fails" time="0.0463369">
        </testcase>
    </testsuite>
    <testsuite name="src/components/StatCard.test.jsx" timestamp="2026-03-21T08:49:32.871Z" hostname="MyPrecious" tests="2" failures="0" errors="0" skipped="0" time="0.3014608">
        <testcase classname="src/components/StatCard.test.jsx" name="StatCard &gt; renders label, value and optional help text" time="0.2276966">
        </testcase>
        <testcase classname="src/components/StatCard.test.jsx" name="StatCard &gt; hides help block when help is missing" time="0.0222826">
        </testcase>
    </testsuite>
</testsuites>
