<?xml version="1.0" encoding="UTF-8" ?>
<testsuites name="vitest tests" tests="23" failures="0" errors="0" time="14.344">
    <testsuite name="src/App.helpers.test.jsx" timestamp="2026-03-21T08:55:49.523Z" hostname="MyPrecious" tests="6" failures="0" errors="0" skipped="0" time="0.1511927">
        <testcase classname="src/App.helpers.test.jsx" name="App helper functions &gt; loads role and name from localStorage without restoring session code" time="0.0067909">
        </testcase>
        <testcase classname="src/App.helpers.test.jsx" name="App helper functions &gt; falls back to defaults on malformed preferences" time="0.0011533">
        </testcase>
        <testcase classname="src/App.helpers.test.jsx" name="App helper functions &gt; postJson sends JSON body and returns parsed result" time="0.0096279">
        </testcase>
        <testcase classname="src/App.helpers.test.jsx" name="App helper functions &gt; postJson throws on non-ok responses" time="0.0043917">
        </testcase>
        <testcase classname="src/App.helpers.test.jsx" name="App helper functions &gt; apiRequest supports auth, form data and 204 responses" time="0.0036107">
        </testcase>
        <testcase classname="src/App.helpers.test.jsx" name="App helper functions &gt; renders known icon and ignores unknown one" time="0.1203163">
        </testcase>
    </testsuite>
    <testsuite name="src/App.test.jsx" timestamp="2026-03-21T08:55:49.592Z" hostname="MyPrecious" tests="5" failures="0" errors="0" skipped="0" time="2.9830066">
        <testcase classname="src/App.test.jsx" name="App Massive Coverage &gt; renders auth and toggles" time="0.7330269">
        </testcase>
        <testcase classname="src/App.test.jsx" name="App Massive Coverage &gt; login fail" time="0.6581924">
        </testcase>
        <testcase classname="src/App.test.jsx" name="App Massive Coverage &gt; login success" time="0.6961473">
        </testcase>
        <testcase classname="src/App.test.jsx" name="App Massive Coverage &gt; register success" time="0.6236205">
        </testcase>
        <testcase classname="src/App.test.jsx" name="App Massive Coverage &gt; logs out and clears localStorage" time="0.2673312">
        </testcase>
    </testsuite>
    <testsuite name="src/config.test.js" timestamp="2026-03-21T08:55:49.636Z" hostname="MyPrecious" tests="2" failures="0" errors="0" skipped="0" time="0.2265897">
        <testcase classname="src/config.test.js" name="config &gt; exposes apiBase and wsBase strings" time="0.1745574">
        </testcase>
        <testcase classname="src/config.test.js" name="config &gt; uses explicit API base when VITE_API_BASE is provided" time="0.0485357">
        </testcase>
    </testsuite>
    <testsuite name="src/components/CountdownBanner.test.jsx" timestamp="2026-03-21T08:55:49.658Z" hostname="MyPrecious" tests="2" failures="0" errors="0" skipped="0" time="0.3193124">
        <testcase classname="src/components/CountdownBanner.test.jsx" name="CountdownBanner &gt; renders nothing when break is inactive" time="0.051987">
        </testcase>
        <testcase classname="src/components/CountdownBanner.test.jsx" name="CountdownBanner &gt; shows countdown and return time for active break" time="0.263386">
        </testcase>
    </testsuite>
    <testsuite name="src/components/QuizOverlay.test.jsx" timestamp="2026-03-21T08:55:49.679Z" hostname="MyPrecious" tests="3" failures="0" errors="0" skipped="0" time="0.654532">
        <testcase classname="src/components/QuizOverlay.test.jsx" name="QuizOverlay &gt; returns null when quiz is missing" time="0.0442236">
        </testcase>
        <testcase classname="src/components/QuizOverlay.test.jsx" name="QuizOverlay &gt; calls onAnswer when clicking an option" time="0.5599158">
        </testcase>
        <testcase classname="src/components/QuizOverlay.test.jsx" name="QuizOverlay &gt; locks answers when readonly or already selected" time="0.0462649">
        </testcase>
    </testsuite>
    <testsuite name="src/components/SessionQRCode.test.jsx" timestamp="2026-03-21T08:55:49.691Z" hostname="MyPrecious" tests="3" failures="0" errors="0" skipped="0" time="0.1539155">
        <testcase classname="src/components/SessionQRCode.test.jsx" name="SessionQRCode &gt; renders nothing without value" time="0.0450367">
        </testcase>
        <testcase classname="src/components/SessionQRCode.test.jsx" name="SessionQRCode &gt; renders generated qr image on success" time="0.0727295">
        </testcase>
        <testcase classname="src/components/SessionQRCode.test.jsx" name="SessionQRCode &gt; stays hidden when generation fails" time="0.0298046">
        </testcase>
    </testsuite>
    <testsuite name="src/components/StatCard.test.jsx" timestamp="2026-03-21T08:55:49.720Z" hostname="MyPrecious" tests="2" failures="0" errors="0" skipped="0" time="0.1715624">
        <testcase classname="src/components/StatCard.test.jsx" name="StatCard &gt; renders label, value and optional help text" time="0.1568605">
        </testcase>
        <testcase classname="src/components/StatCard.test.jsx" name="StatCard &gt; hides help block when help is missing" time="0.01061">
        </testcase>
    </testsuite>
</testsuites>
