<?xml version="1.0" encoding="utf-8"?><testsuites name="pytest tests"><testsuite name="pytest" errors="0" failures="0" skipped="0" tests="10" time="2.515" timestamp="2026-03-21T10:00:59.727641+01:00" hostname="LenovoYogaPJ"><testcase classname="tests.test_main" name="test_parse_bearer_token_and_password_hashing_helpers" time="0.133" /><testcase classname="tests.test_main" name="test_parse_allowed_origins_and_generate_code_retry" time="0.060" /><testcase classname="tests.test_main" name="test_confusion_metrics_and_analytics_payload" time="0.021" /><testcase classname="tests.test_main" name="test_auth_register_login_and_profile" time="0.307" /><testcase classname="tests.test_main" name="test_sessions_library_quizzes_end_and_report_pdf" time="0.271" /><testcase classname="tests.test_main" name="test_upload_list_download_and_notes_png_access_control" time="0.206" /><testcase classname="tests.test_main" name="test_websocket_join_confusion_and_break_vote_signals" time="0.090" /><testcase classname="tests.test_main" name="test_websocket_anonymous_question_submit_and_resolve" time="0.069" /><testcase classname="tests.test_main" name="test_websocket_invalid_role_or_unknown_session" time="0.036" /><testcase classname="tests.test_massive" name="test_massive_endpoints" time="0.030" /></testsuite></testsuites>